<?xml version="1.0" encoding="utf-8"?><testsuites name="pytest tests"><testsuite name="pytest" errors="0" failures="5" skipped="0" tests="1389" time="45.783" timestamp="2026-08-02T03:33:50.616529+07:00" hostname="macbookair"><testcase classname="tests.brain.phase2a.test_autonomous_boundary.TestBoundaryEnforcement" name="test_allowed_action_passes" time="0.001" /><testcase classname="tests.brain.phase2a.test_autonomous_boundary.TestBoundaryEnforcement" name="test_blocked_action_halted" time="0.000" /><testcase classname="tests.brain.phase2a.test_autonomous_boundary.TestBoundaryEnforcement" name="test_approval_required_without_evidence_alerted" time="0.000" /><testcase classname="tests.brain.phase2a.test_autonomous_boundary.TestBoundaryEnforcement" name="test_approval_required_with_evidence_still_blocked" time="0.000" /><testcase classname="tests.brain.phase2a.test_autonomous_boundary.TestBoundaryEnforcement" name="test_risk_r3_blocked" time="0.000" /><testcase classname="tests.brain.phase2a.test_autonomous_boundary.TestBoundaryEnforcement" name="test_risk_r2_allowed" time="0.000" /><testcase classname="tests.brain.phase2a.test_autonomous_boundary.TestBoundaryEnforcement" name="test_dual_gating_capability_register_blocked" time="0.000" /><testcase classname="tests.brain.phase2a.test_autonomous_boundary.TestBoundaryEnforcement" name="test_dual_gating_skill_formalize_approval" time="0.000" /><testcase classname="tests.brain.phase2a.test_autonomous_boundary.TestBoundaryEnforcement" name="test_all_7_allowed_actions_pass" time="0.000" /><testcase classname="tests.brain.phase2a.test_autonomous_boundary.TestBoundaryEnforcement" name="test_all_8_blocked_actions_halted" time="0.000" /><testcase classname="tests.brain.phase2a.test_autonomous_boundary.TestBoundaryEnforcement" name="test_is_allowed_shortcut" time="0.000" /><testcase classname="tests.brain.phase2a.test_autonomous_boundary.TestBoundaryEnforcement" name="test_unknown_action_treated_as_allowed" time="0.000" /><testcase classname="tests.brain.phase2a.test_autonomous_boundary.TestHumanVeto" name="test_veto_blocks_action" time="0.000" /><testcase classname="tests.brain.phase2a.test_autonomous_boundary.TestHumanVeto" name="test_revoke_restores_action" time="0.000" /><testcase classname="tests.brain.phase2a.test_autonomous_boundary.TestHumanVeto" name="test_get_vetoes_returns_active" time="0.000" /><testcase classname="tests.brain.phase2a.test_autonomous_boundary.TestHumanVeto" name="test_get_vetoes_excludes_revoked" time="0.000" /><testcase classname="tests.brain.phase2a.test_autonomous_boundary.TestHumanVeto" name="test_has_veto_active" time="0.000" /><testcase classname="tests.brain.phase2a.test_autonomous_boundary.TestHumanVeto" name="test_has_veto_revoked" time="0.000" /><testcase classname="tests.brain.phase2a.test_autonomous_boundary.TestHumanVeto" name="test_veto_check_runs_first" time="0.000" /><testcase classname="tests.brain.phase2a.test_autonomous_boundary.TestHumanVeto" name="test_veto_record_has_source" time="0.000" /><testcase classname="tests.brain.phase2a.test_autonomous_boundary.TestHumanVeto" name="test_veto_record_has_reason" time="0.000" /><testcase classname="tests.brain.phase2a.test_autonomous_boundary.TestHumanVeto" name="test_revoke_nonexistent" time="0.000" /><testcase classname="tests.brain.phase2a.test_autonomous_boundary.TestHealthAndConfig" name="test_health_returns_dict" time="0.000" /><testcase classname="tests.brain.phase2a.test_autonomous_boundary.TestHealthAndConfig" name="test_health_reflects_vetoes" time="0.000" /><testcase classname="tests.brain.phase2a.test_autonomous_boundary.TestHealthAndConfig" name="test_boundary_decision_has_fields" time="0.000" /><testcase classname="tests.brain.phase2a.test_autonomous_boundary.TestHealthAndConfig" name="test_action_context_defaults" time="0.000" /><testcase classname="tests.brain.phase2a.test_autonomous_boundary.TestHealthAndConfig" name="test_veto_record_defaults" time="0.000" /><testcase classname="tests.brain.phase2a.test_isolation.TestPhase2aIsolation" name="test_no_runtime_import" time="0.001" /><testcase classname="tests.brain.phase2a.test_isolation.TestPhase2aIsolation" name="test_no_evidence_import" time="0.000" /><testcase classname="tests.brain.phase2a.test_isolation.TestPhase2aIsolation" name="test_no_tools_import" time="0.000" /><testcase classname="tests.brain.phase2a.test_isolation.TestPhase2aIsolation" name="test_no_direct_brain_db_import" time="0.000" /><testcase classname="tests.brain.phase2a.test_isolation.TestPhase2aIsolation" name="test_imports_only_allowed_modules" time="0.000" /><testcase classname="tests.brain.phase2a.test_isolation.TestPhase2aIsolation" name="test_phase1_files_unchanged" time="0.001" /><testcase classname="tests.brain.phase2a.test_isolation.TestConfig" name="test_allowed_actions_count" time="0.000" /><testcase classname="tests.brain.phase2a.test_isolation.TestConfig" name="test_blocked_actions_count" time="0.000" /><testcase classname="tests.brain.phase2a.test_knowledge_graph.TestEntityExtraction" name="test_extract_entities_returns_list" time="0.000" /><testcase classname="tests.brain.phase2a.test_knowledge_graph.TestEntityExtraction" name="test_extract_entities_are_Entity_type" time="0.000" /><testcase classname="tests.brain.phase2a.test_knowledge_graph.TestEntityExtraction" name="test_extract_entities_have_ids" time="0.000" /><testcase classname="tests.brain.phase2a.test_knowledge_graph.TestEntityExtraction" name="test_entity_type_inference_preference" time="0.000" /><testcase classname="tests.brain.phase2a.test_knowledge_graph.TestEntityExtraction" name="test_entity_type_inference_user_fact" time="0.000" /><testcase classname="tests.brain.phase2a.test_knowledge_graph.TestEntityExtraction" name="test_entity_confidence_preserved" time="0.000" /><testcase classname="tests.brain.phase2a.test_knowledge_graph.TestEntityExtraction" name="test_entity_source_memory_ids" time="0.000" /><testcase classname="tests.brain.phase2a.test_knowledge_graph.TestEntityExtraction" name="test_extract_empty_memories" time="0.000" /><testcase classname="tests.brain.phase2a.test_knowledge_graph.TestEntityExtraction" name="test_all_6_entity_types_defined" time="0.000" /><testcase classname="tests.brain.phase2a.test_knowledge_graph.TestEntityExtraction" name="test_entity_count_tracks" time="0.000" /><testcase classname="tests.brain.phase2a.test_knowledge_graph.TestRelationInference" name="test_infer_relations_from_entities" time="0.000" /><testcase classname="tests.brain.phase2a.test_knowledge_graph.TestRelationInference" name="test_infer_relations_are_Relation_type" time="0.000" /><testcase classname="tests.brain.phase2a.test_knowledge_graph.TestRelationInference" name="test_all_17_relation_types" time="0.000" /><testcase classname="tests.brain.phase2a.test_knowledge_graph.TestRelationInference" name="test_relations_have_confidence" time="0.000" /><testcase classname="tests.brain.phase2a.test_knowledge_graph.TestRelationInference" name="test_relations_have_evidence" time="0.000" /><testcase classname="tests.brain.phase2a.test_knowledge_graph.TestRelationInference" name="test_relations_use_valid_types" time="0.000" /><testcase classname="tests.brain.phase2a.test_knowledge_graph.TestRelationInference" name="test_no_relations_for_single_entity" time="0.000" /><testcase classname="tests.brain.phase2a.test_knowledge_graph.TestRelationInference" name="test_relation_count_tracks" time="0.000" /><testcase classname="tests.brain.phase2a.test_knowledge_graph.TestRelationInference" name="test_entity_without_memory_ids" time="0.000" /><testcase classname="tests.brain.phase2a.test_knowledge_graph.TestTraversal" name="test_traverse_returns_subgraph" time="0.000" /><testcase classname="tests.brain.phase2a.test_knowledge_graph.TestTraversal" name="test_traverse_nonexistent" time="0.000" /><testcase classname="tests.brain.phase2a.test_knowledge_graph.TestTraversal" name="test_traverse_respects_max_depth" time="0.000" /><testcase classname="tests.brain.phase2a.test_knowledge_graph.TestPruning" name="test_prune_removes_low_confidence" time="0.000" /><testcase classname="tests.brain.phase2a.test_knowledge_graph.TestPruning" name="test_prune_preserves_high_confidence" time="0.000" /><testcase classname="tests.brain.phase2a.test_knowledge_graph.TestPruning" name="test_prune_flags_superseded" time="0.000" /><testcase classname="tests.brain.phase2a.test_knowledge_graph.TestPruning" name="test_prune_returns_prune_result" time="0.000" /><testcase classname="tests.brain.phase2a.test_knowledge_graph.TestExport" name="test_export_graphviz_returns_string" time="0.000" /><testcase classname="tests.brain.phase2a.test_knowledge_graph.TestExport" name="test_export_empty_graph" time="0.000" /><testcase classname="tests.brain.phase2a.test_knowledge_graph.TestExport" name="test_health_returns_dict" time="0.000" /><testcase classname="tests.brain.test_evidence_binding.TestEvidenceBindingEnforcement" name="test_all_required_kinds_raise_without_evidence" time="0.008" /><testcase classname="tests.brain.test_evidence_binding.TestEvidenceBindingEnforcement" name="test_all_required_kinds_succeed_with_evidence" time="0.012" /><testcase classname="tests.brain.test_evidence_binding.TestEvidenceBindingEnforcement" name="test_all_optional_kinds_succeed_without_evidence" time="0.006" /><testcase classname="tests.brain.test_evidence_binding.TestEvidenceBindingEnforcement" name="test_provenance_starts_at_evidence" time="0.006" /><testcase classname="tests.brain.test_evidence_binding.TestEvidenceBindingEnforcement" name="test_get_provenance_returns_full_chain" time="0.005" /><testcase classname="tests.brain.test_evidence_binding.TestEvidenceBindingEnforcement" name="test_verify_chain_detects_valid_chain" time="0.006" /><testcase classname="tests.brain.test_evidence_binding.TestEvidenceBindingEnforcement" name="test_verify_chain_rejects_missing" time="0.005" /><testcase classname="tests.brain.test_evidence_binding.TestEvidenceBindingEnforcement" name="test_provenance_chain_hash_computable" time="0.006" /><testcase classname="tests.brain.test_evidence_binding.TestEvidenceBindingEnforcement" name="test_evidence_optional_no_provenance" time="0.005" /><testcase classname="tests.brain.test_evidence_binding.TestEvidenceBindingEnforcement" name="test_multiple_evidence_bound_commits" time="0.008" /><testcase classname="tests.brain.test_evidence_binding.TestExpandedEvidenceBinding" name="test_expanded_kinds_include_fact_types" time="0.000" /><testcase classname="tests.brain.test_evidence_binding.TestExpandedEvidenceBinding" name="test_original_6_still_required" time="0.000" /><testcase classname="tests.brain.test_evidence_binding.TestExpandedEvidenceBinding" name="test_optional_kinds_unchanged" time="0.000" /><testcase classname="tests.brain.test_evidence_binding.TestExpandedEvidenceBinding" name="test_total_covered_kinds" time="0.000" /><testcase classname="tests.brain.test_isolation.TestBrainDBIsolation" name="test_brain_db_path_different_from_store_db" time="0.000" /><testcase classname="tests.brain.test_isolation.TestBrainDBIsolation" name="test_brain_db_separate_connection" time="0.005" /><testcase classname="tests.brain.test_isolation.TestBrainDBIsolation" name="test_brain_db_does_not_access_store_db" time="0.006" /><testcase classname="tests.brain.test_isolation.TestBrainDBIsolation" name="test_brain_db_has_brain_tables" time="0.005" /><testcase classname="tests.brain.test_isolation.TestPackageImportIsolation" name="test_brain_never_imports_runtime" time="0.005" /><testcase classname="tests.brain.test_isolation.TestPackageImportIsolation" name="test_brain_never_imports_evidence" time="0.001" /><testcase classname="tests.brain.test_isolation.TestPackageImportIsolation" name="test_brain_never_imports_evaluation" time="0.001" /><testcase classname="tests.brain.test_isolation.TestPackageImportIsolation" name="test_brain_imports_allowed_modules_only" time="0.003" /><testcase classname="tests.brain.test_isolation.TestMemoryControllerIsolation" name="test_memory_controller_no_runtime_imports" time="0.000" /><testcase classname="tests.brain.test_isolation.TestMemoryControllerIsolation" name="test_memory_controller_imports_are_brain_only" time="0.000" /><testcase classname="tests.brain.test_isolation.TestMemoryControllerIsolation" name="test_long_term_memory_no_runtime_imports" time="0.000" /><testcase classname="tests.brain.test_long_term_memory.TestConsolidation" name="test_consolidate_to_ltm_after_access_threshold" time="0.007" /><testcase classname="tests.brain.test_long_term_memory.TestConsolidation" name="test_consolidate_to_ltm_below_threshold" time="0.005" /><testcase classname="tests.brain.test_long_term_memory.TestConsolidation" name="test_consolidate_to_ltm_from_semantic_to_procedural" time="0.007" /><testcase classname="tests.brain.test_long_term_memory.TestConsolidation" name="test_consolidate_to_ltm_force" time="0.006" /><testcase classname="tests.brain.test_long_term_memory.TestConsolidation" name="test_consolidate_to_ltm_nonexistent" time="0.005" /><testcase classname="tests.brain.test_long_term_memory.TestConsolidation" name="test_consolidation_log_recorded" time="0.006" /><testcase classname="tests.brain.test_long_term_memory.TestReinforcement" name="test_reinforce_increments_access_count" time="0.006" /><testcase classname="tests.brain.test_long_term_memory.TestReinforcement" name="test_reinforce_updates_last_accessed" time="0.007" /><testcase classname="tests.brain.test_long_term_memory.TestReinforcement" name="test_reinforce_nonexistent" time="0.005" /><testcase classname="tests.brain.test_long_term_memory.TestReinforcement" name="test_reinforce_multiple" time="0.009" /><testcase classname="tests.brain.test_long_term_memory.TestSupersession" name="test_detect_supersession_flags_conflicts" time="0.007" /><testcase classname="tests.brain.test_long_term_memory.TestSupersession" name="test_detect_supersession_same_content_no_flag" time="0.006" /><testcase classname="tests.brain.test_long_term_memory.TestSupersession" name="test_superseded_entry_status_updated" time="0.006" /><testcase classname="tests.brain.test_long_term_memory.TestGarbageCollection" name="test_gc_archives_stale" time="0.006" /><testcase classname="tests.brain.test_long_term_memory.TestGarbageCollection" name="test_gc_preserves_active" time="0.006" /><testcase classname="tests.brain.test_long_term_memory.TestGarbageCollection" name="test_gc_respects_min_confidence" time="0.007" /><testcase classname="tests.brain.test_long_term_memory.TestDecay" name="test_decay_reduces_confidence" time="0.006" /><testcase classname="tests.brain.test_long_term_memory.TestDecay" name="test_decay_never_below_min_confidence" time="0.006" /><testcase classname="tests.brain.test_long_term_memory.TestDecay" name="test_never_decay_kinds_unchanged" time="0.006" /><testcase classname="tests.brain.test_long_term_memory.TestProvenance" name="test_provenance_traces_to_evidence" time="0.006" /><testcase classname="tests.brain.test_long_term_memory.TestProvenance" name="test_provenance_nonexistent" time="0.006" /><testcase classname="tests.brain.test_long_term_memory.TestProvenance" name="test_provenance_multiple_memories" time="0.007" /><testcase classname="tests.brain.test_long_term_memory.TestHealthReport" name="test_health_report_includes_ltm_metrics" time="0.006" /><testcase classname="tests.brain.test_memory_brain.TestMemoryPersistence" name="test_commit_persists_to_db" time="0.006" /><testcase classname="tests.brain.test_memory_brain.TestMemoryPersistence" name="test_commit_without_evidence_raises_for_required_kind" time="0.005" /><testcase classname="tests.brain.test_memory_brain.TestMemoryPersistence" name="test_commit_without_evidence_allowed_for_optional_kind" time="0.005" /><testcase classname="tests.brain.test_memory_brain.TestMemoryPersistence" name="test_recall_reads_from_db" time="0.007" /><testcase classname="tests.brain.test_memory_brain.TestMemoryPersistence" name="test_recall_filters_by_layer" time="0.007" /><testcase classname="tests.brain.test_memory_brain.TestMemoryPersistence" name="test_restart_recovers_from_db" time="0.006" /><testcase classname="tests.brain.test_memory_brain.TestMemoryPersistence" name="test_concurrent_writes_safe" time="0.008" /><testcase classname="tests.brain.test_memory_brain.TestEvidenceBinding" name="test_required_kind_raises_without_evidence" time="0.005" /><testcase classname="tests.brain.test_memory_brain.TestEvidenceBinding" name="test_required_kind_succeeds_with_evidence" time="0.007" /><testcase classname="tests.brain.test_memory_brain.TestEvidenceBinding" name="test_optional_kind_without_evidence_ok" time="0.006" /><testcase classname="tests.brain.test_memory_brain.TestEvidenceBinding" name="test_provenance_recorded" time="0.005" /><testcase classname="tests.brain.test_memory_brain.TestEvidenceBinding" name="test_provenance_verify_chain" time="0.005" /><testcase classname="tests.brain.test_memory_brain.TestEvidenceBinding" name="test_provenance_absent_for_no_evidence" time="0.005" /><testcase classname="tests.brain.test_memory_brain.TestEvidenceBinding" name="test_no_evidence_raises_for_fact" time="0.005" /><testcase classname="tests.brain.test_memory_brain.TestEvidenceBinding" name="test_no_evidence_raises_for_user_fact" time="0.018" /><testcase classname="tests.brain.test_memory_brain.TestEvidenceBinding" name="test_no_evidence_raises_for_preference" time="0.007" /><testcase classname="tests.brain.test_memory_brain.TestEvidenceBinding" name="test_no_evidence_raises_for_project_fact" time="0.005" /><testcase classname="tests.brain.test_memory_brain.TestHealthMetrics" name="test_health_report_returns_valid_structure" time="0.007" /><testcase classname="tests.brain.test_memory_brain.TestHealthMetrics" name="test_coverage_score_increases_with_more_kinds" time="0.010" /><testcase classname="tests.brain.test_memory_brain.TestHealthMetrics" name="test_freshness_score_one_when_all_active" time="0.006" /><testcase classname="tests.brain.test_memory_brain.TestHealthMetrics" name="test_consistency_score_with_evidence" time="0.007" /><testcase classname="tests.brain.test_memory_brain.TestHealthMetrics" name="test_layer_distribution_accurate" time="0.006" /><testcase classname="tests.brain.test_memory_brain.TestHealthMetrics" name="test_kind_distribution_accurate" time="0.007" /><testcase classname="tests.brain.test_memory_brain.TestHealthMetrics" name="test_snapshot_persisted" time="0.006" /><testcase classname="tests.brain.test_memory_brain.TestHealthMetrics" name="test_active_count_accurate" time="0.007" /><testcase classname="tests.brain.v3.test_autonomous_v3.TestMissionManagerV3" name="test_create_mission" time="0.000" /><testcase classname="tests.brain.v3.test_autonomous_v3.TestMissionManagerV3" name="test_enqueue" time="0.000" /><testcase classname="tests.brain.v3.test_autonomous_v3.TestMissionManagerV3" name="test_dequeue_by_priority" time="0.000" /><testcase classname="tests.brain.v3.test_autonomous_v3.TestMissionManagerV3" name="test_advance_legal" time="0.000" /><testcase classname="tests.brain.v3.test_autonomous_v3.TestMissionManagerV3" name="test_advance_illegal" time="0.000" /><testcase classname="tests.brain.v3.test_autonomous_v3.TestMissionManagerV3" name="test_pause_and_resume" time="0.000" /><testcase classname="tests.brain.v3.test_autonomous_v3.TestMissionManagerV3" name="test_list_active" time="0.000" /><testcase classname="tests.brain.v3.test_autonomous_v3.TestMissionManagerV3" name="test_stats" time="0.000" /><testcase classname="tests.brain.v3.test_autonomous_v3.TestPersistentRuntime" name="test_save_and_load" time="0.000" /><testcase classname="tests.brain.v3.test_autonomous_v3.TestPersistentRuntime" name="test_load_nonexistent" time="0.000" /><testcase classname="tests.brain.v3.test_autonomous_v3.TestPersistentRuntime" name="test_validate" time="0.000" /><testcase classname="tests.brain.v3.test_autonomous_v3.TestPersistentRuntime" name="test_recovery_can_recover" time="0.000" /><testcase classname="tests.brain.v3.test_autonomous_v3.TestPersistentRuntime" name="test_recovery_no_checkpoint" time="0.000" /><testcase classname="tests.brain.v3.test_autonomous_v3.TestPersistentRuntime" name="test_multiple_checkpoints" time="0.000" /><testcase classname="tests.brain.v3.test_autonomous_v3.TestEnvironmentIntelligence" name="test_event_listener" time="0.000" /><testcase classname="tests.brain.v3.test_autonomous_v3.TestEnvironmentIntelligence" name="test_recent_events" time="0.000" /><testcase classname="tests.brain.v3.test_autonomous_v3.TestEnvironmentIntelligence" name="test_change_detector" time="0.000" /><testcase classname="tests.brain.v3.test_autonomous_v3.TestEnvironmentIntelligence" name="test_change_detector_file_changes" time="0.000" /><testcase classname="tests.brain.v3.test_autonomous_v3.TestEnvironmentIntelligence" name="test_signal_analyzer_test_failures" time="0.000" /><testcase classname="tests.brain.v3.test_autonomous_v3.TestEnvironmentIntelligence" name="test_signal_analyzer_file_changes" time="0.000" /><testcase classname="tests.brain.v3.test_autonomous_v3.TestAutonomousScheduler" name="test_schedule" time="0.000" /><testcase classname="tests.brain.v3.test_autonomous_v3.TestAutonomousScheduler" name="test_trigger" time="0.000" /><testcase classname="tests.brain.v3.test_autonomous_v3.TestAutonomousScheduler" name="test_disable" time="0.000" /><testcase classname="tests.brain.v3.test_autonomous_v3.TestAutonomousScheduler" name="test_trigger_condition_true" time="0.000" /><testcase classname="tests.brain.v3.test_autonomous_v3.TestAutonomousScheduler" name="test_trigger_condition_false" time="0.000" /><testcase classname="tests.brain.v3.test_autonomous_v3.TestAutonomousScheduler" name="test_scheduler_stats" time="0.000" /><testcase classname="tests.brain.v3.test_autonomous_v3.TestAgentIdentity" name="test_register" time="0.000" /><testcase classname="tests.brain.v3.test_autonomous_v3.TestAgentIdentity" name="test_can_execute_allowed" time="0.000" /><testcase classname="tests.brain.v3.test_autonomous_v3.TestAgentIdentity" name="test_can_execute_forbidden" time="0.000" /><testcase classname="tests.brain.v3.test_autonomous_v3.TestAgentIdentity" name="test_can_execute_risk_too_high" time="0.000" /><testcase classname="tests.brain.v3.test_autonomous_v3.TestAgentIdentity" name="test_architect_cannot_execute" time="0.000" /><testcase classname="tests.brain.v3.test_autonomous_v3.TestAgentIdentity" name="test_record_mission_reputation" time="0.000" /><testcase classname="tests.brain.v3.test_autonomous_v3.TestAutonomousGovernance" name="test_authority_r0_auto" time="0.000" /><testcase classname="tests.brain.v3.test_autonomous_v3.TestAutonomousGovernance" name="test_authority_r4_blocked" time="0.000" /><testcase classname="tests.brain.v3.test_autonomous_v3.TestAutonomousGovernance" name="test_approval_request_and_approve" time="0.000" /><testcase classname="tests.brain.v3.test_autonomous_v3.TestAutonomousGovernance" name="test_approval_reject" time="0.000" /><testcase classname="tests.brain.v3.test_autonomous_v3.TestAutonomousGovernance" name="test_policy_runtime_allowed" time="0.000" /><testcase classname="tests.brain.v3.test_autonomous_v3.TestAutonomousGovernance" name="test_policy_runtime_forbidden" time="0.000" /><testcase classname="tests.reasoning.test_confidence.TestConfidence" name="test_weights_sum_to_one" time="0.000" /><testcase classname="tests.reasoning.test_confidence.TestConfidence" name="test_weights_sum_to_one_method" time="0.000" /><testcase classname="tests.reasoning.test_confidence.TestConfidence" name="test_evaluate_returns_score" time="0.000" /><testcase classname="tests.reasoning.test_confidence.TestConfidence" name="test_evaluate_all_high" time="0.000" /><testcase classname="tests.reasoning.test_confidence.TestConfidence" name="test_evaluate_all_low" time="0.000" /><testcase classname="tests.reasoning.test_confidence.TestConfidence" name="test_evaluate_medium" time="0.000" /><testcase classname="tests.reasoning.test_confidence.TestConfidence" name="test_evaluate_clamps_inputs" time="0.000" /><testcase classname="tests.reasoning.test_confidence.TestConfidence" name="test_high_level" time="0.000" /><testcase classname="tests.reasoning.test_confidence.TestConfidence" name="test_low_level" time="0.000" /><testcase classname="tests.reasoning.test_confidence.TestConfidence" name="test_uncertainty_sources_tracked" time="0.000" /><testcase classname="tests.reasoning.test_confidence.TestConfidence" name="test_five_factors_in_result" time="0.000" /><testcase classname="tests.reasoning.test_context_assembler.TestContextAssembly" name="test_assemble_returns_context" time="0.000" /><testcase classname="tests.reasoning.test_context_assembler.TestContextAssembly" name="test_assemble_has_mission_summary" time="0.000" /><testcase classname="tests.reasoning.test_context_assembler.TestContextAssembly" name="test_assemble_respects_max_items" time="0.000" /><testcase classname="tests.reasoning.test_context_assembler.TestContextAssembly" name="test_assemble_respects_max_tokens" time="0.000" /><testcase classname="tests.reasoning.test_context_assembler.TestContextAssembly" name="test_assemble_context_size_within_bounds" time="0.000" /><testcase classname="tests.reasoning.test_context_assembler.TestContextAssembly" name="test_empty_mission_produces_context" time="0.000" /><testcase classname="tests.reasoning.test_context_assembler.TestContextAssembly" name="test_relevant_memories_is_list" time="0.000" /><testcase classname="tests.reasoning.test_context_assembler.TestContextAssembly" name="test_past_decisions_is_list" time="0.000" /><testcase classname="tests.reasoning.test_context_assembler.TestContextAssembly" name="test_preferences_is_list" time="0.000" /><testcase classname="tests.reasoning.test_context_assembler.TestContextAssembly" name="test_high_risk_mission" time="0.000" /><testcase classname="tests.reasoning.test_context_assembler.TestContextAssembly" name="test_adapter_retrieve_no_memory" time="0.000" /><testcase classname="tests.reasoning.test_context_assembler.TestContextAssembly" name="test_adapter_broad_semantic_strategy" time="0.000" /><testcase classname="tests.reasoning.test_context_assembler.TestContextAssembly" name="test_adapter_episodic_strategy" time="0.000" /><testcase classname="tests.reasoning.test_context_assembler.TestContextAssembly" name="test_adapter_progressive_retrieve" time="0.000" /><testcase classname="tests.reasoning.test_context_assembler.TestContextAssembly" name="test_adapter_all_strategies_have_config" time="0.000" /><testcase classname="tests.reasoning.test_decision_framework.TestDecisionFramework" name="test_decide_returns_decision" time="0.001" /><testcase classname="tests.reasoning.test_decision_framework.TestDecisionFramework" name="test_decide_selects_highest_confidence" time="0.000" /><testcase classname="tests.reasoning.test_decision_framework.TestDecisionFramework" name="test_decide_with_evidence" time="0.000" /><testcase classname="tests.reasoning.test_decision_framework.TestDecisionFramework" name="test_decide_no_options" time="0.000" /><testcase classname="tests.reasoning.test_decision_framework.TestDecisionFramework" name="test_decide_single_option" time="0.000" /><testcase classname="tests.reasoning.test_decision_framework.TestDecisionFramework" name="test_decide_reason_contains_details" time="0.000" /><testcase classname="tests.reasoning.test_decision_framework.TestDecisionFramework" name="test_decide_preserves_alternatives" time="0.000" /><testcase classname="tests.reasoning.test_decision_framework.TestDecisionFramework" name="test_decide_with_confidence_override" time="0.000" /><testcase classname="tests.reasoning.test_decision_framework.TestDecisionFramework" name="test_decide_respects_risk_level" time="0.000" /><testcase classname="tests.reasoning.test_decision_framework.TestDecisionFramework" name="test_decide_evidence_weighting_matters" time="0.000" /><testcase classname="tests.reasoning.test_isolation.TestReasoningIsolation" name="test_no_brain_db_import" time="0.002" /><testcase classname="tests.reasoning.test_isolation.TestReasoningIsolation" name="test_no_runtime_import" time="0.000" /><testcase classname="tests.reasoning.test_isolation.TestReasoningIsolation" name="test_no_evidence_import" time="0.000" /><testcase classname="tests.reasoning.test_isolation.TestReasoningIsolation" name="test_no_evaluation_import" time="0.000" /><testcase classname="tests.reasoning.test_isolation.TestReasoningIsolation" name="test_no_tools_import" time="0.000" /><testcase classname="tests.reasoning.test_isolation.TestReasoningIsolation" name="test_no_model_gateway_import" time="0.000" /><testcase classname="tests.reasoning.test_isolation.TestReasoningIsolation" name="test_no_governance_import" time="0.000" /><testcase classname="tests.reasoning.test_isolation.TestReasoningIsolation" name="test_no_state_machine_import" time="0.000" /><testcase classname="tests.reasoning.test_isolation.TestReasoningIsolation" name="test_no_api_import" time="0.000" /><testcase classname="tests.reasoning.test_isolation.TestReasoningIsolation" name="test_allowed_imports_only" time="0.000" /><testcase classname="tests.reasoning.test_kernel.TestKernelAPI" name="test_reason_returns_result" time="0.000" /><testcase classname="tests.reasoning.test_kernel.TestKernelAPI" name="test_reason_has_conclusion" time="0.000" /><testcase classname="tests.reasoning.test_kernel.TestKernelAPI" name="test_reason_has_confidence" time="0.000" /><testcase classname="tests.reasoning.test_kernel.TestKernelAPI" name="test_reason_has_self_check" time="0.000" /><testcase classname="tests.reasoning.test_kernel.TestKernelAPI" name="test_reason_produces_7_steps" time="0.000" /><testcase classname="tests.reasoning.test_kernel.TestKernelAPI" name="test_reason_with_query" time="0.000" /><testcase classname="tests.reasoning.test_kernel.TestKernelAPI" name="test_audit_returns_trace" time="0.000" /><testcase classname="tests.reasoning.test_kernel.TestKernelAPI" name="test_quantify_uncertainty" time="0.000" /><testcase classname="tests.reasoning.test_kernel.TestKernelAPI" name="test_reason_evidence_refs_collected" time="0.000" /><testcase classname="tests.reasoning.test_kernel.TestKernelAPI" name="test_reason_deterministic" time="0.000" /><testcase classname="tests.reasoning.test_memory_adapter.TestMemoryAdapter" name="test_adapter_no_brain_db_import" time="0.001" /><testcase classname="tests.reasoning.test_memory_adapter.TestMemoryAdapter" name="test_adapter_initialization" time="0.000" /><testcase classname="tests.reasoning.test_memory_adapter.TestMemoryAdapter" name="test_adapter_bind_memory" time="0.000" /><testcase classname="tests.reasoning.test_memory_adapter.TestMemoryAdapter" name="test_adapter_all_5_strategies" time="0.000" /><testcase classname="tests.reasoning.test_memory_adapter.TestMemoryAdapter" name="test_adapter_retrieve_invalid_strategy_fallback" time="0.000" /><testcase classname="tests.reasoning.test_memory_adapter.TestMemoryAdapter" name="test_adapter_retrieve_custom_params" time="0.000" /><testcase classname="tests.reasoning.test_memory_adapter.TestMemoryAdapter" name="test_adapter_progressive_low_confidence" time="0.000" /><testcase classname="tests.reasoning.test_memory_adapter.TestMemoryAdapter" name="test_adapter_progressive_high_confidence" time="0.000" /><testcase classname="tests.reasoning.test_memory_adapter.TestMemoryAdapter" name="test_adapter_no_runtime_imports" time="0.001" /><testcase classname="tests.reasoning.test_memory_adapter.TestMemoryAdapter" name="test_adapter_progressive_deduplicates" time="0.000" /><testcase classname="tests.reasoning.test_self_check.TestSelfCheck" name="test_valid_chain_passes" time="0.000" /><testcase classname="tests.reasoning.test_self_check.TestSelfCheck" name="test_missing_evidence_fails" time="0.000" /><testcase classname="tests.reasoning.test_self_check.TestSelfCheck" name="test_orphan_dependency_fails" time="0.000" /><testcase classname="tests.reasoning.test_self_check.TestSelfCheck" name="test_no_cycle_passes" time="0.000" /><testcase classname="tests.reasoning.test_self_check.TestSelfCheck" name="test_cycle_detected" time="0.000" /><testcase classname="tests.reasoning.test_self_check.TestSelfCheck" name="test_overconfident_flagged" time="0.000" /><testcase classname="tests.reasoning.test_self_check.TestSelfCheck" name="test_contradiction_detected" time="0.000" /><testcase classname="tests.reasoning.test_self_check.TestSelfCheck" name="test_checks_total_is_5" time="0.000" /><testcase classname="tests.reasoning.test_self_check.TestSelfCheck" name="test_failures_list_populated" time="0.000" /><testcase classname="tests.reasoning.test_self_check.TestSelfCheck" name="test_remediation_suggested" time="0.000" /><testcase classname="tests.reasoning.test_thought_process.TestThoughtProcess" name="test_chain_produces_steps" time="0.000" /><testcase classname="tests.reasoning.test_thought_process.TestThoughtProcess" name="test_observe_step_present" time="0.000" /><testcase classname="tests.reasoning.test_thought_process.TestThoughtProcess" name="test_classify_step_present" time="0.000" /><testcase classname="tests.reasoning.test_thought_process.TestThoughtProcess" name="test_decompose_step_present" time="0.000" /><testcase classname="tests.reasoning.test_thought_process.TestThoughtProcess" name="test_infer_step_present" time="0.000" /><testcase classname="tests.reasoning.test_thought_process.TestThoughtProcess" name="test_validate_step_present" time="0.000" /><testcase classname="tests.reasoning.test_thought_process.TestThoughtProcess" name="test_synthesize_step_present" time="0.000" /><testcase classname="tests.reasoning.test_thought_process.TestThoughtProcess" name="test_reflect_step_present" time="0.000" /><testcase classname="tests.reasoning.test_thought_process.TestThoughtProcess" name="test_classify_selection_type" time="0.000" /><testcase classname="tests.reasoning.test_thought_process.TestThoughtProcess" name="test_classify_prediction_type" time="0.000" /><testcase classname="tests.reasoning.test_thought_process.TestThoughtProcess" name="test_classify_binary_type" time="0.000" /><testcase classname="tests.reasoning.test_thought_process.TestThoughtProcess" name="test_steps_have_dependencies" time="0.000" /><testcase classname="tests.reasoning.test_thought_process.TestThoughtProcess" name="test_infer_has_evidence" time="0.000" /><testcase classname="tests.reasoning.test_thought_process.TestThoughtProcess" name="test_empty_context_produces_steps" time="0.000" /><testcase classname="tests.reasoning.test_thought_process.TestThoughtProcess" name="test_step_ids_are_unique" time="0.000" /><testcase classname="tests.test_adaptive_runtime.TestMissionTriage" name="test_s0_simple_no_tools" time="0.000" /><testcase classname="tests.test_adaptive_runtime.TestMissionTriage" name="test_s0_low_complexity" time="0.000" /><testcase classname="tests.test_adaptive_runtime.TestMissionTriage" name="test_s1_moderate_complexity" time="0.000" /><testcase classname="tests.test_adaptive_runtime.TestMissionTriage" name="test_s1_derived_roles_include_researcher_when_search_tools" time="0.000" /><testcase classname="tests.test_adaptive_runtime.TestMissionTriage" name="test_s2_high_risk" time="0.000" /><testcase classname="tests.test_adaptive_runtime.TestMissionTriage" name="test_s2_high_uncertainty" time="0.000" /><testcase classname="tests.test_adaptive_runtime.TestMissionTriage" name="test_s3_external_side_effects" time="0.000" /><testcase classname="tests.test_adaptive_runtime.TestMissionTriage" name="test_s3_irreversible_external_triggers_s3" time="0.000" /><testcase classname="tests.test_adaptive_runtime.TestMissionTriage" name="test_s3_risk_threshold" time="0.000" /><testcase classname="tests.test_adaptive_runtime.TestMissionTriage" name="test_s0_max_tool_count_edge" time="0.000" /><testcase classname="tests.test_adaptive_runtime.TestMissionTriage" name="test_s0_boundary_single_tool" time="0.000" /><testcase classname="tests.test_adaptive_runtime.TestMissionTriage" name="test_explainability_decision_reasoning" time="0.000" /><testcase classname="tests.test_adaptive_runtime.TestMissionTriage" name="test_data_sensitivity_maps_to_risk" time="0.000" /><testcase classname="tests.test_adaptive_runtime.TestMissionTriage" name="test_required_model_tier_flash_vs_pro" time="0.000" /><testcase classname="tests.test_adaptive_runtime.TestMissionTriage" name="test_governance_level_derived" time="0.000" /><testcase classname="tests.test_adaptive_runtime.TestMissionTriage" name="test_evidence_tier_scaling" time="0.000" /><testcase classname="tests.test_adaptive_runtime.TestMissionTriage" name="test_cost_estimate_scales_with_mode" time="0.000" /><testcase classname="tests.test_adaptive_runtime.TestMissionTriage" name="test_many_tools_increase_complexity" time="0.000" /><testcase classname="tests.test_adaptive_runtime.TestAdaptiveScheduler" name="test_s0_single_agent_preferred" time="0.000" /><testcase classname="tests.test_adaptive_runtime.TestAdaptiveScheduler" name="test_s3_dual_verification" time="0.000" /><testcase classname="tests.test_adaptive_runtime.TestAdaptiveScheduler" name="test_roi_gate_blocks_low_value_roles" time="0.000" /><testcase classname="tests.test_adaptive_runtime.TestAdaptiveScheduler" name="test_roi_gate_accepts_high_value_roles" time="0.000" /><testcase classname="tests.test_adaptive_runtime.TestAdaptiveScheduler" name="test_create_role" time="0.000" /><testcase classname="tests.test_adaptive_runtime.TestAdaptiveScheduler" name="test_assign_role" time="0.000" /><testcase classname="tests.test_adaptive_runtime.TestAdaptiveScheduler" name="test_assign_role_unknown_returns_none" time="0.000" /><testcase classname="tests.test_adaptive_runtime.TestAdaptiveScheduler" name="test_pause_role" time="0.000" /><testcase classname="tests.test_adaptive_runtime.TestAdaptiveScheduler" name="test_merge_roles" time="0.000" /><testcase classname="tests.test_adaptive_runtime.TestAdaptiveScheduler" name="test_replace_role" time="0.000" /><testcase classname="tests.test_adaptive_runtime.TestAdaptiveScheduler" name="test_retire_role" time="0.000" /><testcase classname="tests.test_adaptive_runtime.TestAdaptiveScheduler" name="test_active_agent_count" time="0.000" /><testcase classname="tests.test_adaptive_runtime.TestAdaptiveScheduler" name="test_scheduler_no_secret_leak_in_plan" time="0.000" /><testcase classname="tests.test_adaptive_runtime.TestAdaptiveScheduler" name="test_dynamic_agent_cannot_expand_permissions" time="0.000" /><testcase classname="tests.test_adaptive_runtime.TestAdaptiveScheduler" name="test_planner_added_when_complexity_high" time="0.000" /><testcase classname="tests.test_adaptive_runtime.TestCapabilityRegistry" name="test_register_creates_neutral_score" time="0.001" /><testcase classname="tests.test_adaptive_runtime.TestCapabilityRegistry" name="test_update_score_success" time="0.000" /><testcase classname="tests.test_adaptive_runtime.TestCapabilityRegistry" name="test_update_score_failure" time="0.000" /><testcase classname="tests.test_adaptive_runtime.TestCapabilityRegistry" name="test_confidence_gating_no_evidence" time="0.000" /><testcase classname="tests.test_adaptive_runtime.TestCapabilityRegistry" name="test_confidence_rises_with_evidence" time="0.000" /><testcase classname="tests.test_adaptive_runtime.TestCapabilityRegistry" name="test_failure_downgrade" time="0.000" /><testcase classname="tests.test_adaptive_runtime.TestCapabilityRegistry" name="test_decay_after_long_inactivity" time="0.000" /><testcase classname="tests.test_adaptive_runtime.TestCapabilityRegistry" name="test_list_capable_filters_by_confidence" time="0.000" /><testcase classname="tests.test_adaptive_runtime.TestCapabilityRegistry" name="test_list_capable_empty_when_no_match" time="0.000" /><testcase classname="tests.test_adaptive_runtime.TestCapabilityRegistry" name="test_get_score_none_for_unknown" time="0.000" /><testcase classname="tests.test_adaptive_runtime.TestCapabilityRegistry" name="test_list_all_returns_all" time="0.000" /><testcase classname="tests.test_adaptive_runtime.TestCapabilityRegistry" name="test_get_mission_history" time="0.000" /><testcase classname="tests.test_adaptive_runtime.TestModelRouter" name="test_flash_routing_for_low_complexity" time="0.001" /><testcase classname="tests.test_adaptive_runtime.TestModelRouter" name="test_pro_routing_for_high_complexity" time="0.000" /><testcase classname="tests.test_adaptive_runtime.TestModelRouter" name="test_large_context_forces_pro" time="0.000" /><testcase classname="tests.test_adaptive_runtime.TestModelRouter" name="test_low_latency_forces_flash" time="0.000" /><testcase classname="tests.test_adaptive_runtime.TestModelRouter" name="test_mock_fallback_when_all_unhealthy" time="0.000" /><testcase classname="tests.test_adaptive_runtime.TestModelRouter" name="test_circuit_breaker_opens_on_failures" time="0.000" /><testcase classname="tests.test_adaptive_runtime.TestModelRouter" name="test_circuit_breaker_routes_to_fallback" time="0.000" /><testcase classname="tests.test_adaptive_runtime.TestModelRouter" name="test_circuit_breaker_resets_on_success" time="0.000" /><testcase classname="tests.test_adaptive_runtime.TestModelRouter" name="test_track_result_records_success" time="0.000" /><testcase classname="tests.test_adaptive_runtime.TestModelRouter" name="test_timeout_behavior" time="0.000" /><testcase classname="tests.test_adaptive_runtime.TestModelRouter" name="test_provider_skipped_when_externally_unhealthy" time="0.000" /><testcase classname="tests.test_adaptive_runtime.TestModelRouter" name="test_no_secret_leak_in_decision" time="0.000" /><testcase classname="tests.test_adaptive_runtime.TestModelRouter" name="test_429_or_5xx_triggers_circuit_breaker" time="0.000" /><testcase classname="tests.test_adaptive_runtime.TestTokenCompiler" name="test_compile_produces_prompt_and_record" time="0.001" /><testcase classname="tests.test_adaptive_runtime.TestTokenCompiler" name="test_context_deduplication_removes_duplicates" time="0.000" /><testcase classname="tests.test_adaptive_runtime.TestTokenCompiler" name="test_deduplication_case_insensitive" time="0.000" /><testcase classname="tests.test_adaptive_runtime.TestTokenCompiler" name="test_reference_key_for_large_value" time="0.000" /><testcase classname="tests.test_adaptive_runtime.TestTokenCompiler" name="test_reference_key_for_small_value" time="0.000" /><testcase classname="tests.test_adaptive_runtime.TestTokenCompiler" name="test_token_savings" time="0.000" /><testcase classname="tests.test_adaptive_runtime.TestTokenCompiler" name="test_security_constraints_not_stripped" time="0.000" /><testcase classname="tests.test_adaptive_runtime.TestTokenCompiler" name="test_role_specific_slices" time="0.000" /><testcase classname="tests.test_adaptive_runtime.TestTokenCompiler" name="test_progressive_disclosure_starts_at_level_1" time="0.000" /><testcase classname="tests.test_adaptive_runtime.TestTokenCompiler" name="test_high_risk_starts_at_level_2" time="0.000" /><testcase classname="tests.test_adaptive_runtime.TestTokenCompiler" name="test_increase_disclosure" time="0.000" /><testcase classname="tests.test_adaptive_runtime.TestTokenCompiler" name="test_summary_cache" time="0.000" /><testcase classname="tests.test_adaptive_runtime.TestTokenCompiler" name="test_clear_cache" time="0.000" /><testcase classname="tests.test_adaptive_runtime.TestResourceBudget" name="test_create_budget_s0" time="0.000" /><testcase classname="tests.test_adaptive_runtime.TestResourceBudget" name="test_create_budget_s3" time="0.000" /><testcase classname="tests.test_adaptive_runtime.TestResourceBudget" name="test_create_budget_override" time="0.000" /><testcase classname="tests.test_adaptive_runtime.TestResourceBudget" name="test_track_usage_tokens" time="0.000" /><testcase classname="tests.test_adaptive_runtime.TestResourceBudget" name="test_track_usage_cost" time="0.000" /><testcase classname="tests.test_adaptive_runtime.TestResourceBudget" name="test_track_usage_unknown_category_raises" time="0.000" /><testcase classname="tests.test_adaptive_runtime.TestResourceBudget" name="test_check_budget_within_limits" time="0.000" /><testcase classname="tests.test_adaptive_runtime.TestResourceBudget" name="test_check_budget_token_over_limit" time="0.000" /><testcase classname="tests.test_adaptive_runtime.TestResourceBudget" name="test_check_budget_cost_over_limit" time="0.000" /><testcase classname="tests.test_adaptive_runtime.TestResourceBudget" name="test_check_budget_agent_over_limit" time="0.000" /><testcase classname="tests.test_adaptive_runtime.TestResourceBudget" name="test_escalation_ladder_warn_to_stop" time="0.000" /><testcase classname="tests.test_adaptive_runtime.TestResourceBudget" name="test_has_budget_remaining" time="0.000" /><testcase classname="tests.test_adaptive_runtime.TestResourceBudget" name="test_get_defaults_for_mode" time="0.000" /><testcase classname="tests.test_adaptive_runtime.TestResourceBudget" name="test_over_budget_action_ladder" time="0.000" /><testcase classname="tests.test_adaptive_runtime.TestEscalation" name="test_s0_to_s1_on_uncertainty" time="0.000" /><testcase classname="tests.test_adaptive_runtime.TestEscalation" name="test_s1_to_s2_on_validation_failure" time="0.000" /><testcase classname="tests.test_adaptive_runtime.TestEscalation" name="test_s2_to_s3_on_tool_failure" time="0.000" /><testcase classname="tests.test_adaptive_runtime.TestEscalation" name="test_s3_does_not_escalate" time="0.000" /><testcase classname="tests.test_adaptive_runtime.TestEscalation" name="test_no_escalation_without_triggers" time="0.000" /><testcase classname="tests.test_adaptive_runtime.TestEscalation" name="test_de_escalate_s3_to_s2_on_resolved" time="0.000" /><testcase classname="tests.test_adaptive_runtime.TestEscalation" name="test_de_escalate_s2_to_s1_on_low_uncertainty" time="0.000" /><testcase classname="tests.test_adaptive_runtime.TestEscalation" name="test_de_escalate_blocked_at_s0" time="0.000" /><testcase classname="tests.test_adaptive_runtime.TestEscalation" name="test_audit_recording" time="0.000" /><testcase classname="tests.test_adaptive_runtime.TestEscalation" name="test_de_escalation_removes_roles" time="0.000" /><testcase classname="tests.test_adaptive_runtime.TestEscalation" name="test_escalation_count_increments" time="0.000" /><testcase classname="tests.test_adaptive_runtime.TestSecurityIntegration" name="test_scheduler_cannot_bypass_approval" time="0.000" /><testcase classname="tests.test_adaptive_runtime.TestSecurityIntegration" name="test_scheduler_no_permission_expansion" time="0.000" /><testcase classname="tests.test_adaptive_runtime.TestSecurityIntegration" name="test_model_router_no_secret_access" time="0.000" /><testcase classname="tests.test_adaptive_runtime.TestSecurityIntegration" name="test_tools_still_go_through_sandbox" time="0.000" /><testcase classname="tests.test_adaptive_runtime.TestSecurityIntegration" name="test_network_deny_by_default" time="0.000" /><testcase classname="tests.test_adaptive_runtime.TestSecurityIntegration" name="test_adaptive_runtime_components_respected" time="0.000" /><testcase classname="tests.test_adaptive_runtime.TestAdaptiveRuntimeIntegration" name="test_triage_mission" time="0.000" /><testcase classname="tests.test_adaptive_runtime.TestAdaptiveRuntimeIntegration" name="test_schedule_mission" time="0.000" /><testcase classname="tests.test_adaptive_runtime.TestAdaptiveRuntimeIntegration" name="test_route_model" time="0.000" /><testcase classname="tests.test_adaptive_runtime.TestAdaptiveRuntimeIntegration" name="test_allocate_budget" time="0.000" /><testcase classname="tests.test_adaptive_runtime.TestAdaptiveRuntimeIntegration" name="test_get_profile" time="0.001" /><testcase classname="tests.test_adaptive_runtime.TestAdaptiveRuntimeIntegration" name="test_evaluate_adaptive" time="0.000" /><testcase classname="tests.test_adaptive_runtime.TestAdaptiveRuntimeIntegration" name="test_explain_mission" time="0.000" /><testcase classname="tests.test_adaptive_runtime.TestAdaptiveRuntimeIntegration" name="test_compile_context" time="0.000" /><testcase classname="tests.test_adaptive_runtime.TestAdaptiveRuntimeIntegration" name="test_check_escalation" time="0.000" /><testcase classname="tests.test_adaptive_runtime.TestStateMachine" name="test_valid_created_to_triaged" time="0.000" /><testcase classname="tests.test_adaptive_runtime.TestStateMachine" name="test_invalid_created_to_running" time="0.000" /><testcase classname="tests.test_adaptive_runtime.TestStateMachine" name="test_valid_triaged_to_contracted" time="0.000" /><testcase classname="tests.test_adaptive_runtime.TestStateMachine" name="test_valid_running_to_verifying" time="0.000" /><testcase classname="tests.test_adaptive_runtime.TestStateMachine" name="test_valid_running_to_degraded" time="0.000" /><testcase classname="tests.test_adaptive_runtime.TestStateMachine" name="test_valid_degraded_to_running" time="0.000" /><testcase classname="tests.test_adaptive_runtime.TestStateMachine" name="test_can_escalate" time="0.000" /><testcase classname="tests.test_adaptive_runtime.TestStateMachine" name="test_can_de_escalate" time="0.001" /><testcase classname="tests.test_adaptive_runtime.TestStateMachine" name="test_transition_raises_on_invalid" time="0.000" /><testcase classname="tests.test_adaptive_runtime.TestStateMachine" name="test_transition_valid" time="0.001" /><testcase classname="tests.test_chief_brain_closure_v1.TestFailureCodeClassification" name="test_unknown_tool_emits_TOOL_UNKNOWN" time="0.007" /><testcase classname="tests.test_chief_brain_closure_v1.TestFailureCodeClassification" name="test_missing_approval_emits_APPROVAL_MISSING" time="0.005" /><testcase classname="tests.test_chief_brain_closure_v1.TestFailureCodeClassification" name="test_classify_failure_permission_error" time="0.000" /><testcase classname="tests.test_chief_brain_closure_v1.TestFailureCodeClassification" name="test_classify_failure_tool_timeout" time="0.000" /><testcase classname="tests.test_chief_brain_closure_v1.TestFailureCodeClassification" name="test_classify_failure_policy_rejected" time="0.000" /><testcase classname="tests.test_chief_brain_closure_v1.TestFailureCodeClassification" name="test_classify_failure_code_forbidden" time="0.000" /><testcase classname="tests.test_chief_brain_closure_v1.TestFailureCodeClassification" name="test_classify_failure_sandbox_unavailable" time="0.000" /><testcase classname="tests.test_chief_brain_closure_v1.TestFailureCodeClassification" name="test_classify_failure_path_traversal" time="0.000" /><testcase classname="tests.test_chief_brain_closure_v1.TestFailureCodeClassification" name="test_classify_failure_file_not_found" time="0.000" /><testcase classname="tests.test_chief_brain_closure_v1.TestFailureCodeClassification" name="test_classify_failure_value_error_default" time="0.000" /><testcase classname="tests.test_chief_brain_closure_v1.TestFailureCodeClassification" name="test_classify_failure_runtime_fallback" time="0.000" /><testcase classname="tests.test_chief_brain_closure_v1.TestFailureCodeClassification" name="test_classify_failure_os_error" time="0.000" /><testcase classname="tests.test_chief_brain_closure_v1.TestFailureCodeClassification" name="test_classify_all_failure_codes_unique" time="0.000" /><testcase classname="tests.test_chief_brain_closure_v1.TestReceiptChainIntegrity" name="test_successful_file_read_produces_receipt" time="0.007" /><testcase classname="tests.test_chief_brain_closure_v1.TestReceiptChainIntegrity" name="test_failed_invocation_still_produces_receipt" time="0.006" /><testcase classname="tests.test_chief_brain_closure_v1.TestReceiptChainIntegrity" name="test_receipt_chain_verify_intact" time="0.011" /><testcase classname="tests.test_chief_brain_closure_v1.TestReceiptChainIntegrity" name="test_receipt_chain_detects_gaps" time="0.005" /><testcase classname="tests.test_chief_brain_closure_v1.TestReceiptChainIntegrity" name="test_failed_invocation_has_failure_code" time="0.006" /><testcase classname="tests.test_chief_brain_closure_v1.TestMemoryEvidenceBinding" name="test_write_without_evidence_raises_for_decision" time="0.004" /><testcase classname="tests.test_chief_brain_closure_v1.TestMemoryEvidenceBinding" name="test_write_without_evidence_raises_for_failure" time="0.004" /><testcase classname="tests.test_chief_brain_closure_v1.TestMemoryEvidenceBinding" name="test_write_with_evidence_succeeds" time="0.006" /><testcase classname="tests.test_chief_brain_closure_v1.TestMemoryEvidenceBinding" name="test_fact_with_high_confidence_commits_without_evidence" time="0.005" /><testcase classname="tests.test_chief_brain_closure_v1.TestMemoryEvidenceBinding" name="test_short_term_always_exempt" time="0.003" /><testcase classname="tests.test_chief_brain_closure_v1.TestMemoryEvidenceBinding" name="test_unverified_inference_always_candidate" time="0.003" /><testcase classname="tests.test_chief_brain_closure_v1.TestMemoryEvidenceBinding" name="test_verify_evidence_binding_reports_violations" time="0.006" /><testcase classname="tests.test_chief_brain_closure_v1.TestMemoryEvidenceBinding" name="test_verify_evidence_binding_rejects_missing_evidence_id" time="0.005" /><testcase classname="tests.test_chief_brain_closure_v1.TestReplayIdempotency" name="test_tool_replay_with_same_idempotency_key" time="0.007" /><testcase classname="tests.test_chief_brain_closure_v1.TestReplayIdempotency" name="test_tool_replay_with_different_args_conflicts" time="0.007" /><testcase classname="tests.test_chief_brain_closure_v1.TestReplayIdempotency" name="test_evidence_replay_with_same_idempotency_key" time="0.006" /><testcase classname="tests.test_chief_brain_closure_v1.TestReplayIdempotency" name="test_write_file_replay_detected" time="0.009" /><testcase classname="tests.test_chief_brain_closure_v1.TestFailClosed" name="test_provider_unavailable_no_mock" time="0.003" /><testcase classname="tests.test_chief_brain_closure_v1.TestFailClosed" name="test_openai_without_key_is_unavailable" time="0.003" /><testcase classname="tests.test_chief_brain_closure_v1.TestFailClosed" name="test_local_without_endpoint_is_unavailable" time="0.003" /><testcase classname="tests.test_chief_brain_closure_v1.TestFailClosed" name="test_unknown_tool_fails_closed" time="0.006" /><testcase classname="tests.test_chief_brain_closure_v1.TestFailClosed" name="test_failed_tool_does_not_fake_success" time="0.006" /><testcase classname="tests.test_chief_brain_closure_v1.TestMemoryIntegrity" name="test_memory_idempotency_patch_conflict_detected" time="0.006" /><testcase classname="tests.test_chief_brain_closure_v1.TestMemoryIntegrity" name="test_memory_idempotency_invalid_envelope_raises" time="0.007" /><testcase classname="tests.test_chief_brain_closure_v1.TestHumanControlPreserved" name="test_r2_write_requires_approval" time="0.005" /><testcase classname="tests.test_chief_brain_closure_v1.TestHumanControlPreserved" name="test_r2_write_with_valid_approval_succeeds" time="0.008" /><testcase classname="tests.test_chief_brain_closure_v1.TestHumanControlPreserved" name="test_consumed_approval_cannot_be_reused" time="0.009" /><testcase classname="tests.test_chief_brain_closure_v1.TestFullChainIntegration" name="test_full_chain_success" time="0.009" /><testcase classname="tests.test_chief_brain_closure_v1.TestFullChainIntegration" name="test_full_chain_failure_deterministic_codes" time="0.007" /><testcase classname="tests.test_chief_brain_closure_v1.TestFullChainIntegration" name="test_full_chain_with_approval_flow" time="0.009" /><testcase classname="tests.test_chief_brain_runtime_convergence.TestNexaraRuntimeSingleAuthority" name="test_create_mission_produces_unique_id" time="0.007" /><testcase classname="tests.test_chief_brain_runtime_convergence.TestNexaraRuntimeSingleAuthority" name="test_mission_state_is_written_by_runtime_only" time="0.019" /><testcase classname="tests.test_chief_brain_runtime_convergence.TestNexaraRuntimeSingleAuthority" name="test_runtime_is_only_writer" time="0.005" /><testcase classname="tests.test_chief_brain_runtime_convergence.TestApprovalResumeE2E" name="test_full_approval_resume_cycle" time="0.100" /><testcase classname="tests.test_chief_brain_runtime_convergence.TestApprovalResumeE2E" name="test_resume_keeps_same_mission_id" time="0.006" /><testcase classname="tests.test_chief_brain_runtime_convergence.TestApprovalResumeE2E" name="test_approval_binds_original_pending_action" time="0.023" /><testcase classname="tests.test_chief_brain_runtime_convergence.TestApprovalResumeE2E" name="test_no_duplicate_side_effects_on_resume" time="0.088" /><testcase classname="tests.test_chief_brain_runtime_convergence.TestCrashRecovery" name="test_resume_from_paused_state" time="0.006" /><testcase classname="tests.test_chief_brain_runtime_convergence.TestCrashRecovery" name="test_recoverable_state_detection" time="0.086" /><testcase classname="tests.test_chief_brain_runtime_convergence.TestCrashRecovery" name="test_provider_unavailable_setting" time="0.003" /><testcase classname="tests.test_chief_brain_runtime_convergence.TestRuntimeSnapshot" name="test_inspect_returns_complete_snapshot" time="0.005" /><testcase classname="tests.test_chief_brain_runtime_convergence.TestRuntimeSnapshot" name="test_snapshot_after_approval" time="0.020" /><testcase classname="tests.test_chief_brain_runtime_convergence.TestRuntimeSnapshot" name="test_snapshot_after_completion" time="0.091" /><testcase classname="tests.test_chief_brain_runtime_convergence.TestProviderStrategy" name="test_mock_model_explicit_only" time="0.003" /><testcase classname="tests.test_chief_brain_runtime_convergence.TestProviderStrategy" name="test_no_silent_mock_fallback" time="0.002" /><testcase classname="tests.test_chief_brain_runtime_convergence.TestStateMachineInvariants" name="test_legal_transition_chain" time="0.006" /><testcase classname="tests.test_chief_brain_runtime_convergence.TestStateMachineInvariants" name="test_approval_is_not_failed" time="0.019" /><testcase classname="tests.test_chief_brain_runtime_convergence.TestStateMachineInvariants" name="test_resume_does_not_create_new_mission" time="0.006" /><testcase classname="tests.test_chief_brain_runtime_convergence.TestStateMachineInvariants" name="test_cancel_mission" time="0.006" /><testcase classname="tests.test_chief_brain_runtime_convergence.TestEntryPointUnification" name="test_api_create_uses_runtime" time="0.019" /><testcase classname="tests.test_chief_brain_runtime_convergence.TestEntryPointUnification" name="test_api_resume_uses_runtime" time="0.016" /><testcase classname="tests.test_chief_brain_runtime_convergence.TestEntryPointUnification" name="test_cli_commands_use_runtime" time="0.005" /><testcase classname="tests.test_chief_brain_runtime_convergence.TestBackwardsCompatibility" name="test_legacy_get_mission" time="0.004" /><testcase classname="tests.test_chief_brain_runtime_convergence.TestBackwardsCompatibility" name="test_legacy_resume" time="0.006" /><testcase classname="tests.test_chief_brain_runtime_convergence.TestSchedulerUniqueness" name="test_scheduler_is_single_entry" time="0.003" /><testcase classname="tests.test_chief_brain_runtime_convergence.TestSchedulerUniqueness" name="test_scheduler_used_by_runtime" time="0.021" /><testcase classname="tests.test_chief_brain_runtime_convergence.TestNoSupervisor" name="test_no_supervisor_class" time="0.001" /><testcase classname="tests.test_ci_contract.TestIosBuildFailClosed" name="test_no_xcodebuild_fail_open" time="0.001" /><testcase classname="tests.test_ci_contract.TestIosBuildFailClosed" name="test_ios_step_has_set_e" time="0.000" /><testcase classname="tests.test_ci_contract.TestIosBuildFailClosed" name="test_no_allow_failure_on_build_jobs" time="0.000" /><testcase classname="tests.test_ci_contract.TestCiWorkflowStructure" name="test_ci_file_exists_and_valid_yaml" time="0.009" /><testcase classname="tests.test_ci_contract.TestCiWorkflowStructure" name="test_all_required_jobs_present" time="0.000" /><testcase classname="tests.test_ci_contract.TestCiWorkflowStructure" name="test_xcodebuild_has_explicit_scheme" time="0.000" /><testcase classname="tests.test_connectors.TestConnectorRegistry" name="test_get_manifest" time="0.000" /><testcase classname="tests.test_connectors.TestConnectorRegistry" name="test_get_manifest_missing_raises" time="0.000" /><testcase classname="tests.test_connectors.TestConnectorRegistry" name="test_get_missing_raises" time="0.000" /><testcase classname="tests.test_connectors.TestConnectorRegistry" name="test_get_returns_connector" time="0.000" /><testcase classname="tests.test_connectors.TestConnectorRegistry" name="test_list_connectors" time="0.000" /><testcase classname="tests.test_connectors.TestConnectorRegistry" name="test_register_adds_connector" time="0.000" /><testcase classname="tests.test_connectors.TestConnectorRegistry" name="test_register_triggers_connector_register" time="0.000" /><testcase classname="tests.test_connectors.TestConnectorRegistry" name="test_register_twice_raises" time="0.000" /><testcase classname="tests.test_connectors.TestConnectorRegistry" name="test_unregister_missing_raises" time="0.000" /><testcase classname="tests.test_connectors.TestConnectorRegistry" name="test_unregister_removes" time="0.000" /><testcase classname="tests.test_connectors.TestConnectorLifecycle" name="test_can_transition_invalid" time="0.000" /><testcase classname="tests.test_connectors.TestConnectorLifecycle" name="test_can_transition_valid" time="0.000" /><testcase classname="tests.test_connectors.TestConnectorLifecycle" name="test_is_operational" time="0.000" /><testcase classname="tests.test_connectors.TestConnectorLifecycle" name="test_is_terminal" time="0.000" /><testcase classname="tests.test_connectors.TestConnectorLifecycle" name="test_validate_transition_invalid_raises" time="0.000" /><testcase classname="tests.test_connectors.TestConnectorLifecycle" name="test_validate_transition_valid_passes" time="0.000" /><testcase classname="tests.test_connectors.TestConnectorPermissionRegistry" name="test_auto_approve_r0" time="0.000" /><testcase classname="tests.test_connectors.TestConnectorPermissionRegistry" name="test_auto_approve_r1_revoked" time="0.000" /><testcase classname="tests.test_connectors.TestConnectorPermissionRegistry" name="test_auto_approve_r2_fails" time="0.000" /><testcase classname="tests.test_connectors.TestConnectorPermissionRegistry" name="test_auto_approve_unknown" time="0.000" /><testcase classname="tests.test_connectors.TestConnectorPermissionRegistry" name="test_get_permission_missing" time="0.000" /><testcase classname="tests.test_connectors.TestConnectorPermissionRegistry" name="test_list_permissions" time="0.000" /><testcase classname="tests.test_connectors.TestConnectorPermissionRegistry" name="test_list_permissions_empty" time="0.000" /><testcase classname="tests.test_connectors.TestConnectorPermissionRegistry" name="test_register_and_get" time="0.000" /><testcase classname="tests.test_connectors.TestConnectorPermissionRegistry" name="test_revoke_missing_noop" time="0.000" /><testcase classname="tests.test_connectors.TestConnectorPermissionRegistry" name="test_revoke_permission" time="0.000" /><testcase classname="tests.test_connectors.TestCircuitBreaker" name="test_allow_request_when_closed" time="0.000" /><testcase classname="tests.test_connectors.TestCircuitBreaker" name="test_allow_request_when_open_denies" time="0.000" /><testcase classname="tests.test_connectors.TestCircuitBreaker" name="test_failure_threshold_opens_circuit" time="0.000" /><testcase classname="tests.test_connectors.TestCircuitBreaker" name="test_half_open_failure_reopens" time="0.025" /><testcase classname="tests.test_connectors.TestCircuitBreaker" name="test_half_open_success_closes" time="0.025" /><testcase classname="tests.test_connectors.TestCircuitBreaker" name="test_initial_state_closed" time="0.000" /><testcase classname="tests.test_connectors.TestCircuitBreaker" name="test_record_success_resets" time="0.000" /><testcase classname="tests.test_connectors.TestCircuitBreaker" name="test_recovery_timeout_half_open" time="0.025" /><testcase classname="tests.test_connectors.TestConnectorHealthMonitor" name="test_circuit_state_unknown_closed" time="0.000" /><testcase classname="tests.test_connectors.TestConnectorHealthMonitor" name="test_get_circuit_creates_new" time="0.000" /><testcase classname="tests.test_connectors.TestConnectorHealthMonitor" name="test_get_circuit_returns_same" time="0.000" /><testcase classname="tests.test_connectors.TestConnectorHealthMonitor" name="test_is_circuit_open_false_closed" time="0.000" /><testcase classname="tests.test_connectors.TestConnectorHealthMonitor" name="test_is_circuit_open_true_open" time="0.000" /><testcase classname="tests.test_connectors.TestAuditEvent" name="test_defaults" time="0.000" /><testcase classname="tests.test_connectors.TestAuditEvent" name="test_round_trip" time="0.000" /><testcase classname="tests.test_connectors.TestConnectorAuditTrail" name="test_flush_clears" time="0.000" /><testcase classname="tests.test_connectors.TestConnectorAuditTrail" name="test_list_events_all" time="0.000" /><testcase classname="tests.test_connectors.TestConnectorAuditTrail" name="test_list_events_filtered" time="0.000" /><testcase classname="tests.test_connectors.TestConnectorAuditTrail" name="test_list_events_limit" time="0.000" /><testcase classname="tests.test_connectors.TestConnectorAuditTrail" name="test_record" time="0.000" /><testcase classname="tests.test_core.KernelTests" name="test_api_and_cli_smoke" time="0.024" /><testcase classname="tests.test_core.KernelTests" name="test_event_bus_persists_and_replays" time="0.003" /><testcase classname="tests.test_core.KernelTests" name="test_evidence_memory_and_writer_lease" time="0.005" /><testcase classname="tests.test_core.KernelTests" name="test_full_acceptance_flow" time="0.154" /><testcase classname="tests.test_core.KernelTests" name="test_scheduler_and_token_compiler_are_dynamic" time="0.003" /><testcase classname="tests.test_e2e_runtime_closure.TestRuntimeClosureIntegration" name="test_all_nine_adapters_accessible" time="0.018" /><testcase classname="tests.test_e2e_runtime_closure.TestRuntimeClosureIntegration" name="test_overview_includes_adapter_status" time="0.003" /><testcase classname="tests.test_e2e_runtime_closure.TestBrowserAdapter" name="test_navigate_and_read" time="0.006" /><testcase classname="tests.test_e2e_runtime_closure.TestBrowserAdapter" name="test_dom_snapshot" time="0.004" /><testcase classname="tests.test_e2e_runtime_closure.TestBrowserAdapter" name="test_probe_capability" time="0.004" /><testcase classname="tests.test_e2e_runtime_closure.TestBrowserAdapter" name="test_external_network_blocked" time="0.003" /><testcase classname="tests.test_e2e_runtime_closure.TestBrowserAdapter" name="test_get_action_history" time="0.004" /><testcase classname="tests.test_e2e_runtime_closure.TestComputerUseAdapter" name="test_focus_and_read_ui" time="0.005" /><testcase classname="tests.test_e2e_runtime_closure.TestComputerUseAdapter" name="test_click_bounded" time="0.003" /><testcase classname="tests.test_e2e_runtime_closure.TestComputerUseAdapter" name="test_forbidden_app_blocked" time="0.003" /><testcase classname="tests.test_e2e_runtime_closure.TestComputerUseAdapter" name="test_probe_capability" time="0.003" /><testcase classname="tests.test_e2e_runtime_closure.TestGitAdapter" name="test_status_and_diff" time="0.004" /><testcase classname="tests.test_e2e_runtime_closure.TestGitAdapter" name="test_commit_flow" time="0.006" /><testcase classname="tests.test_e2e_runtime_closure.TestGitAdapter" name="test_branch_and_pr" time="0.005" /><testcase classname="tests.test_e2e_runtime_closure.TestGitAdapter" name="test_force_push_denied" time="0.003" /><testcase classname="tests.test_e2e_runtime_closure.TestGitAdapter" name="test_branch_protection" time="0.004" /><testcase classname="tests.test_e2e_runtime_closure.TestGitAdapter" name="test_validate_repo_state" time="0.003" /><testcase classname="tests.test_e2e_runtime_closure.TestMessageAdapter" name="test_draft_preview_send" time="0.004" /><testcase classname="tests.test_e2e_runtime_closure.TestMessageAdapter" name="test_idempotency" time="0.004" /><testcase classname="tests.test_e2e_runtime_closure.TestMessageAdapter" name="test_forbidden_content" time="0.003" /><testcase classname="tests.test_e2e_runtime_closure.TestMessageAdapter" name="test_external_send_disabled" time="0.003" /><testcase classname="tests.test_e2e_runtime_closure.TestDeploymentAdapter" name="test_create_plan_and_preview" time="0.003" /><testcase classname="tests.test_e2e_runtime_closure.TestDeploymentAdapter" name="test_execute_staging" time="0.005" /><testcase classname="tests.test_e2e_runtime_closure.TestDeploymentAdapter" name="test_production_blocked" time="0.004" /><testcase classname="tests.test_e2e_runtime_closure.TestDeploymentAdapter" name="test_health_check_and_rollback" time="0.004" /><testcase classname="tests.test_e2e_runtime_closure.TestRAGPipeline" name="test_ingest_and_query" time="0.003" /><testcase classname="tests.test_e2e_runtime_closure.TestRAGPipeline" name="test_layer_filtering" time="0.003" /><testcase classname="tests.test_e2e_runtime_closure.TestRAGPipeline" name="test_stats" time="0.003" /><testcase classname="tests.test_e2e_runtime_closure.TestRAGPipeline" name="test_citation" time="0.004" /><testcase classname="tests.test_e2e_runtime_closure.TestMemoryLayers" name="test_four_layer_writes" time="0.006" /><testcase classname="tests.test_e2e_runtime_closure.TestMemoryLayers" name="test_keyword_search" time="0.004" /><testcase classname="tests.test_e2e_runtime_closure.TestMemoryLayers" name="test_patch_review_flow" time="0.004" /><testcase classname="tests.test_e2e_runtime_closure.TestMemoryLayers" name="test_stats" time="0.003" /><testcase classname="tests.test_e2e_runtime_closure.TestRepairLoop" name="test_full_repair_cycle" time="0.003" /><testcase classname="tests.test_e2e_runtime_closure.TestRepairLoop" name="test_escalation_after_three_failures" time="0.003" /><testcase classname="tests.test_e2e_runtime_closure.TestRepairLoop" name="test_stats" time="0.003" /><testcase classname="tests.test_e2e_runtime_closure.TestProgramLoop" name="test_lifecycle" time="0.211" /><testcase classname="tests.test_e2e_runtime_closure.TestProgramLoop" name="test_pause_resume" time="0.969" /><testcase classname="tests.test_e2e_runtime_closure.TestProgramLoop" name="test_probe_capability" time="0.013" /><testcase classname="tests.test_e2e_runtime_closure.TestProgramLoop" name="test_get_cycles" time="0.011" /><testcase classname="tests.test_e2e_runtime_closure.TestE2EMissionFlow" name="test_full_mission_pipeline" time="0.021" /><testcase classname="tests.test_e2e_runtime_closure.TestAdapterDiscovery" name="test_all_capability_probes" time="0.005" /><testcase classname="tests.test_g2_first_controlled_mission.TestFirstControlledMission" name="test_kernel_health_all_modules_present" time="0.000" /><testcase classname="tests.test_g2_first_controlled_mission.TestFirstControlledMission" name="test_kernel_accessors_return_modules" time="0.000" /><testcase classname="tests.test_g2_first_controlled_mission.TestFirstControlledMission" name="test_state_transition_validation" time="0.000" /><testcase classname="tests.test_g2_first_controlled_mission.TestFirstControlledMission" name="test_invariant_03_no_self_verify_enforced" time="0.000" /><testcase classname="tests.test_g2_first_controlled_mission.TestFirstControlledMission" name="test_invariant_05_full_completion_chain_enforced" time="0.000" /><testcase classname="tests.test_g2_first_controlled_mission.TestFirstControlledMission" name="test_invariant_01_no_permission_grant_raises" time="0.000" /><testcase classname="tests.test_g2_first_controlled_mission.TestFirstControlledMission" name="test_mission_compiler_creates_spec" time="0.000" /><testcase classname="tests.test_g2_first_controlled_mission.TestFirstControlledMission" name="test_contract_engine_creates_work_contract" time="0.000" /><testcase classname="tests.test_g2_first_controlled_mission.TestFirstControlledMission" name="test_triage_engine_returns_decision" time="0.000" /><testcase classname="tests.test_g2_first_controlled_mission.TestKernelProhibitedBehaviors" name="test_prohibit_01_no_self_verify" time="0.000" /><testcase classname="tests.test_g2_first_controlled_mission.TestKernelProhibitedBehaviors" name="test_prohibit_03_no_permission_grant" time="0.000" /><testcase classname="tests.test_g2_first_controlled_mission.TestKernelProhibitedBehaviors" name="test_prohibit_04_evidence_not_modified" time="0.000" /><testcase classname="tests.test_g2_first_controlled_mission.TestKernelProhibitedBehaviors" name="test_prohibit_05_full_completion_chain" time="0.000" /><testcase classname="tests.test_g2_first_controlled_mission.TestKernelProhibitedBehaviors" name="test_prohibit_06_state_machine_validation" time="0.000" /><testcase classname="tests.test_g2_kernel_contract.TestInvariant01SkillCannotGrantPermission" name="test_skill_definitions_contain_no_permission_field" time="0.013" /><testcase classname="tests.test_g2_kernel_contract.TestInvariant01SkillCannotGrantPermission" name="test_capability_registry_separates_permission" time="0.001" /><testcase classname="tests.test_g2_kernel_contract.TestInvariant01SkillCannotGrantPermission" name="test_models_have_no_permission_on_skill_entities" time="0.003" /><testcase classname="tests.test_g2_kernel_contract.TestInvariant02CanvasCannotBypassRuntime" name="test_api_routes_through_runtime" time="0.000" /><testcase classname="tests.test_g2_kernel_contract.TestInvariant02CanvasCannotBypassRuntime" name="test_api_has_no_direct_db_writes" time="0.002" /><testcase classname="tests.test_g2_kernel_contract.TestInvariant02CanvasCannotBypassRuntime" name="test_cli_routes_through_runtime" time="0.001" /><testcase classname="tests.test_g2_kernel_contract.TestInvariant03ExecutorCannotCreatePASSVerdict" name="test_evaluation_engine_is_independent" time="0.000" /><testcase classname="tests.test_g2_kernel_contract.TestInvariant03ExecutorCannotCreatePASSVerdict" name="test_independent_review_module_exists" time="0.000" /><testcase classname="tests.test_g2_kernel_contract.TestInvariant03ExecutorCannotCreatePASSVerdict" name="test_receipt_requires_independent_auditor" time="0.001" /><testcase classname="tests.test_g2_kernel_contract.TestInvariant04MemoryCannotOverwriteEvidence" name="test_memory_record_has_source_evidence_id" time="0.000" /><testcase classname="tests.test_g2_kernel_contract.TestInvariant04MemoryCannotOverwriteEvidence" name="test_evidence_store_is_append_only" time="0.000" /><testcase classname="tests.test_g2_kernel_contract.TestInvariant04MemoryCannotOverwriteEvidence" name="test_memory_kernel_requires_evidence_backing" time="0.000" /><testcase classname="tests.test_g2_kernel_contract.TestInvariant04MemoryCannotOverwriteEvidence" name="test_sdk_memory_record_nullable_source" time="0.000" /><testcase classname="tests.test_g2_kernel_contract.TestInvariant05MissionCompletionRequiresFullChain" name="test_state_machine_completed_has_gate" time="0.000" /><testcase classname="tests.test_g2_kernel_contract.TestInvariant05MissionCompletionRequiresFullChain" name="test_runtime_has_all_completion_stages" time="0.001" /><testcase classname="tests.test_g2_kernel_contract.TestInvariant05MissionCompletionRequiresFullChain" name="test_mission_spec_has_success_criteria" time="0.000" /><testcase classname="tests.test_g2_kernel_contract.TestInvariant05MissionCompletionRequiresFullChain" name="test_reflection_entity_exists" time="0.000" /><testcase classname="tests.test_g2_kernel_contract.TestKernelBoundaryIntegrity" name="test_kernel_contract_yaml_exists" time="0.000" /><testcase classname="tests.test_g2_kernel_contract.TestKernelBoundaryIntegrity" name="test_kernel_in_scope_modules_exist" time="0.000" /><testcase classname="tests.test_g2_kernel_contract.TestKernelBoundaryIntegrity" name="test_kernel_out_of_scope_modules_are_not_kernel" time="0.000" /><testcase classname="tests.test_g2_kernel_contract.TestKernelBoundaryIntegrity" name="test_g1_invariants_yaml_exists" time="0.000" /><testcase classname="tests.test_g2_kernel_contract.TestKernelBoundaryIntegrity" name="test_authority_matrix_yaml_exists" time="0.000" /><testcase classname="tests.test_g2_kernel_contract.TestKernelBoundaryIntegrity" name="test_no_second_runtime_exists" time="0.014" /><testcase classname="tests.test_g2_kernel_contract.TestKernelBoundaryIntegrity" name="test_no_second_state_machine_exists" time="0.005" /><testcase classname="tests.test_g3a_capability_registry.TestCapabilityRegistryReality" name="test_registry_initialized_with_defaults" time="0.000" /><testcase classname="tests.test_g3a_capability_registry.TestCapabilityRegistryReality" name="test_v1_register_object" time="0.000" /><testcase classname="tests.test_g3a_capability_registry.TestCapabilityRegistryReality" name="test_v2_register_scored" time="0.000" /><testcase classname="tests.test_g3a_capability_registry.TestCapabilityRegistryReality" name="test_v1_resolve_enabled" time="0.000" /><testcase classname="tests.test_g3a_capability_registry.TestCapabilityRegistryReality" name="test_mount_and_list_for_worker" time="0.000" /><testcase classname="tests.test_g3a_capability_registry.TestCapabilityRegistryReality" name="test_v2_update_score_tracks_history" time="0.000" /><testcase classname="tests.test_g3a_capability_registry.TestCapabilityRegistryReality" name="test_v2_confidence_increases_with_evidence" time="0.000" /><testcase classname="tests.test_g3a_capability_registry.TestCapabilityRegistryReality" name="test_v2_list_capable_filters_by_task_type" time="0.000" /><testcase classname="tests.test_g3a_capability_registry.TestCapabilityRegistryReality" name="test_mission_history_preserved" time="0.000" /><testcase classname="tests.test_g3a_capability_registry.TestCapabilityInvariants" name="test_invariant_01_skill_cannot_grant_permission" time="0.000" /><testcase classname="tests.test_g3a_capability_registry.TestCapabilityInvariants" name="test_invariant_02_capability_cannot_bypass_gateway" time="0.000" /><testcase classname="tests.test_g3a_capability_registry.TestCapabilityInvariants" name="test_invariant_03_runtime_remains_single_authority" time="0.001" /><testcase classname="tests.test_g3a_capability_registry.TestCapabilityInvariants" name="test_invariant_04_registry_cannot_modify_execution_state" time="0.000" /><testcase classname="tests.test_g3a_capability_registry.TestCapabilityInvariants" name="test_invariant_05_evidence_references_capability" time="0.000" /><testcase classname="tests.test_g3b_policy_service.TestPolicyServiceLifecycle" name="test_service_starts_and_stops" time="0.000" /><testcase classname="tests.test_g3b_policy_service.TestPolicyServiceLifecycle" name="test_health_reflects_running_state" time="0.000" /><testcase classname="tests.test_g3b_policy_service.TestPolicyServiceLifecycle" name="test_health_shows_stopped_when_not_started" time="0.000" /><testcase classname="tests.test_g3b_policy_service.TestPolicyDelegation" name="test_policy_engine_wrapped_unchanged" time="0.000" /><testcase classname="tests.test_g3b_policy_service.TestPolicyDelegation" name="test_approval_engine_wrapped_unchanged" time="0.000" /><testcase classname="tests.test_g3b_policy_service.TestPolicyDelegation" name="test_lease_manager_wrapped_unchanged" time="0.000" /><testcase classname="tests.test_g3b_policy_service.TestPolicyDelegation" name="test_requires_approval_delegates" time="0.000" /><testcase classname="tests.test_g3b_policy_service.TestPolicyDelegation" name="test_allows
[...]
me_v2_provider_unavailable.TestProviderUnavailablePath" name="test_unavailable_provider_is_not_mock_empty_provider" time="0.002" /><testcase classname="tests.test_runtime_v2_provider_unavailable.TestProviderUnavailablePath" name="test_provider_unavailable_flag_is_set" time="0.002" /><testcase classname="tests.test_runtime_v2_provider_unavailable.TestProviderUnavailablePath" name="test_provider_unavailable_flag_empty_provider" time="0.003" /><testcase classname="tests.test_runtime_v2_provider_unavailable.TestProviderUnavailablePath" name="test_snapshot_does_not_report_mock" time="0.004" /><testcase classname="tests.test_runtime_v2_provider_unavailable.TestProviderUnavailablePath" name="test_snapshot_has_provider_unavailable_flag" time="0.004" /><testcase classname="tests.test_runtime_v2_provider_unavailable.TestProviderUnavailablePath" name="test_snapshot_has_retryability" time="0.004" /><testcase classname="tests.test_runtime_v2_provider_unavailable.TestProviderUnavailablePath" name="test_snapshot_has_recovery_pointer" time="0.004" /><testcase classname="tests.test_runtime_v2_provider_unavailable.TestProviderUnavailablePath" name="test_run_mission_raises_or_fails_not_completed" time="0.043" /><testcase classname="tests.test_runtime_v2_provider_unavailable.TestProviderUnavailablePath" name="test_gateway_provider_name_is_unavailable" time="0.003" /><testcase classname="tests.test_runtime_v2_provider_unavailable.TestProviderUnavailablePath" name="test_direct_unavailable_provider_raises" time="0.000" /><testcase classname="tests.test_runtime_v2_provider_unavailable.TestProviderUnavailablePath" name="test_mock_provider_not_in_gateway" time="0.002" /><testcase classname="tests.test_runtime_v2_provider_unavailable.TestProviderUnavailablePath" name="test_mock_provider_not_in_gateway_empty" time="0.002" /><testcase classname="tests.test_runtime_v2_stage_recovery.TestCrashAtExecutionToVerificationBoundary" name="test_crash_at_execution_boundary_recovers" time="0.081" /><testcase classname="tests.test_runtime_v2_stage_recovery.TestCrashAtVerificationToEvidenceBoundary" name="test_crash_at_verification_boundary_recovers" time="0.079" /><testcase classname="tests.test_runtime_v2_stage_recovery.TestCrashAtEvidenceToMemoryPatchBoundary" name="test_crash_at_evidence_boundary_recovers" time="0.084" /><testcase classname="tests.test_runtime_v2_stage_recovery.TestCrashAtMemoryPatchToEvaluationBoundary" name="test_crash_at_memory_boundary_recovers" time="0.080" /><testcase classname="tests.test_runtime_v2_stage_recovery.TestCrashAtEvaluationToCompletedBoundary" name="test_crash_at_evaluation_boundary_recovers" time="0.088" /><testcase classname="tests.test_runtime_v2_stage_recovery.TestCrashBEvidenceNotCommitted" name="test_tool_success_evidence_uncommitted" time="0.083" /><testcase classname="tests.test_runtime_v2_stage_recovery.TestIdempotencyAfterReInstantiation" name="test_memory_idempotent" time="0.076" /><testcase classname="tests.test_runtime_v2_stage_recovery.TestIdempotencyAfterReInstantiation" name="test_evaluation_idempotent" time="0.078" /><testcase classname="tests.test_runtime_v2_stage_recovery.TestTokenPersistenceAndResume" name="test_token_data_survives" time="0.084" /><testcase classname="tests.test_runtime_v2_stage_recovery.TestTokenPersistenceAndResume" name="test_resume_does_not_change_state" time="0.095" /><testcase classname="tests.test_runtime_v2_stage_recovery.TestProviderUnavailable" name="test_provider_unavailable_resumable" time="0.046" /><testcase classname="tests.test_sdk_contract.TestApprovalNullableTimestamps" name="test_expires_at_accepts_null" time="0.000" /><testcase classname="tests.test_sdk_contract.TestApprovalNullableTimestamps" name="test_decided_at_accepts_null" time="0.000" /><testcase classname="tests.test_sdk_contract.TestApprovalNullableTimestamps" name="test_status_values_match_runtime_lowercase" time="0.000" /><testcase classname="tests.test_sdk_contract.TestApprovalNullableTimestamps" name="test_preserves_runtime_approval_fields" time="0.000" /><testcase classname="tests.test_sdk_contract.TestMemoryNullableSource" name="test_source_evidence_id_accepts_null" time="0.000" /><testcase classname="tests.test_sdk_contract.TestMemoryNullableSource" name="test_memory_kind_values_match_runtime" time="0.000" /><testcase classname="tests.test_sdk_contract.TestMemoryNullableSource" name="test_preserves_committed_memory_fields" time="0.000" /><testcase classname="tests.test_sdk_contract.TestPlanStepPreservation" name="test_mirrors_runtime_fields" time="0.000" /><testcase classname="tests.test_sdk_contract.TestWorkContractPreservation" name="test_mirrors_runtime_fields" time="0.000" /><testcase classname="tests.test_sdk_contract.TestWorkContractPreservation" name="test_nullable_fields_remain_nullable" time="0.000" /><testcase classname="tests.test_sdk_contract.TestMissionHumanControl" name="test_paused_and_safe_mode_preserved" time="0.000" /><testcase classname="tests.test_sdk_contract.TestMissionHumanControl" name="test_defaults_are_false" time="0.000" /><testcase classname="tests.test_sdk_contract.TestEvidencePreservation" name="test_preserves_body_and_linkage" time="0.000" /><testcase classname="tests.test_sdk_contract.TestGenericReceiptDiscovery" name="test_single_terminal_receipt_discovered" time="0.002" /><testcase classname="tests.test_sdk_contract.TestGenericReceiptDiscovery" name="test_multiple_terminal_receipts_rejected" time="0.001" /><testcase classname="tests.test_sdk_contract.TestGenericReceiptDiscovery" name="test_future_receipt_supersedes_without_validator_edit" time="0.001" /><testcase classname="tests.test_sdk_contract.TestSDKPydanticBehavior" name="test_no_silent_field_loss_approval" time="0.000" /><testcase classname="tests.test_sdk_contract.TestSDKPydanticBehavior" name="test_no_silent_field_loss_memory" time="0.000" /><testcase classname="tests.test_sdk_contract.TestSDKPydanticBehavior" name="test_unknown_field_does_not_corrupt_known_fields" time="0.000" /><testcase classname="tests.test_security_hardening.SecretSecurityTests" name="test_env_not_default_for_production" time="0.000" /><testcase classname="tests.test_security_hardening.SecretSecurityTests" name="test_env_set_override" time="0.000" /><testcase classname="tests.test_security_hardening.SecretSecurityTests" name="test_env_store" time="0.000" /><testcase classname="tests.test_security_hardening.SecretSecurityTests" name="test_inmemory_delete" time="0.000" /><testcase classname="tests.test_security_hardening.SecretSecurityTests" name="test_inmemory_get_missing_raises" time="0.000" /><testcase classname="tests.test_security_hardening.SecretSecurityTests" name="test_inmemory_list" time="0.000" /><testcase classname="tests.test_security_hardening.SecretSecurityTests" name="test_inmemory_set_and_get" time="0.000" /><testcase classname="tests.test_security_hardening.SecretSecurityTests" name="test_missing_keychain_safe_failure" time="0.000" /><testcase classname="tests.test_security_hardening.SecretSecurityTests" name="test_redact_api_key" time="0.001" /><testcase classname="tests.test_security_hardening.SecretSecurityTests" name="test_redact_bearer" time="0.000" /><testcase classname="tests.test_security_hardening.SecretSecurityTests" name="test_redact_password" time="0.000" /><testcase classname="tests.test_security_hardening.SecretSecurityTests" name="test_redact_private_key" time="0.000" /><testcase classname="tests.test_security_hardening.SecretSecurityTests" name="test_redact_sk_key" time="0.000" /><testcase classname="tests.test_security_hardening.SecretSecurityTests" name="test_secret_not_in_evidence_format" time="0.000" /><testcase classname="tests.test_security_hardening.SecretSecurityTests" name="test_secret_null_name_rejected" time="0.000" /><testcase classname="tests.test_security_hardening.PathSecurityTests" name="test_absolute_path_rejected" time="0.000" /><testcase classname="tests.test_security_hardening.PathSecurityTests" name="test_dotdot_rejected" time="0.000" /><testcase classname="tests.test_security_hardening.PathSecurityTests" name="test_empty_path_ok" time="0.000" /><testcase classname="tests.test_security_hardening.PathSecurityTests" name="test_normal_path_ok" time="0.000" /><testcase classname="tests.test_security_hardening.PathSecurityTests" name="test_null_byte_rejected" time="0.000" /><testcase classname="tests.test_security_hardening.PathSecurityTests" name="test_symlink_escape_detected" time="0.000" /><testcase classname="tests.test_security_hardening.PathSecurityTests" name="test_unicode_path_allowed" time="0.000" /><testcase classname="tests.test_security_hardening.PathSecurityTests" name="test_write_outside_workspace" time="0.000" /><testcase classname="tests.test_security_hardening.CommandSecurityTests" name="test_allowed_command_python" time="0.000" /><testcase classname="tests.test_security_hardening.CommandSecurityTests" name="test_clean_args_pass" time="0.000" /><testcase classname="tests.test_security_hardening.CommandSecurityTests" name="test_forbidden_command_rm" time="0.000" /><testcase classname="tests.test_security_hardening.CommandSecurityTests" name="test_forbidden_command_sudo" time="0.000" /><testcase classname="tests.test_security_hardening.CommandSecurityTests" name="test_shell_metacharacter_backtick" time="0.000" /><testcase classname="tests.test_security_hardening.CommandSecurityTests" name="test_shell_metacharacter_dollar_paren" time="0.000" /><testcase classname="tests.test_security_hardening.CommandSecurityTests" name="test_shell_metacharacter_pipe" time="0.000" /><testcase classname="tests.test_security_hardening.CommandSecurityTests" name="test_shell_metacharacter_semicolon" time="0.000" /><testcase classname="tests.test_security_hardening.BrowserSSRFTests" name="test_file_scheme_blocked" time="0.000" /><testcase classname="tests.test_security_hardening.BrowserSSRFTests" name="test_ftp_scheme_blocked" time="0.000" /><testcase classname="tests.test_security_hardening.BrowserSSRFTests" name="test_ipv6_localhost_blocked" time="0.000" /><testcase classname="tests.test_security_hardening.BrowserSSRFTests" name="test_javascript_scheme_blocked" time="0.000" /><testcase classname="tests.test_security_hardening.BrowserSSRFTests" name="test_localhost_blocked" time="0.000" /><testcase classname="tests.test_security_hardening.BrowserSSRFTests" name="test_metadata_endpoint_blocked" time="0.000" /><testcase classname="tests.test_security_hardening.BrowserSSRFTests" name="test_private_10_blocked" time="0.000" /><testcase classname="tests.test_security_hardening.BrowserSSRFTests" name="test_private_172_blocked" time="0.000" /><testcase classname="tests.test_security_hardening.BrowserSSRFTests" name="test_private_192_blocked" time="0.000" /><testcase classname="tests.test_security_hardening.BrowserSSRFTests" name="test_public_https_allowed" time="0.003" /><testcase classname="tests.test_security_hardening.ConnectorReliabilityTests" name="test_circuit_breaker_half_open_success" time="0.025" /><testcase classname="tests.test_security_hardening.ConnectorReliabilityTests" name="test_circuit_breaker_opens" time="0.000" /><testcase classname="tests.test_security_hardening.ConnectorReliabilityTests" name="test_circuit_breaker_recovery" time="0.025" /><testcase classname="tests.test_security_hardening.ConnectorReliabilityTests" name="test_connector_registry_register" time="0.000" /><testcase classname="tests.test_security_hardening.ConnectorReliabilityTests" name="test_health_monitor_circuit_tracking" time="0.000" /><testcase classname="tests.test_security_hardening.ConnectorReliabilityTests" name="test_lifecycle_is_operational" time="0.000" /><testcase classname="tests.test_security_hardening.ConnectorReliabilityTests" name="test_lifecycle_valid_transitions" time="0.000" /><testcase classname="tests.test_security_hardening.ConnectorReliabilityTests" name="test_manifest_creation" time="0.000" /><testcase classname="tests.test_security_hardening.ConnectorReliabilityTests" name="test_permission_registry_auto_approve_r0" time="0.000" /><testcase classname="tests.test_security_hardening.ConnectorReliabilityTests" name="test_permission_revocation" time="0.000" /><testcase classname="tests.test_security_hardening.IdentityAuthorizationTests" name="test_agent_denied_secret_manage" time="0.000" /><testcase classname="tests.test_security_hardening.IdentityAuthorizationTests" name="test_agent_denied_security_admin" time="0.000" /><testcase classname="tests.test_security_hardening.IdentityAuthorizationTests" name="test_auditor_read_only" time="0.000" /><testcase classname="tests.test_security_hardening.IdentityAuthorizationTests" name="test_operator_permissions" time="0.000" /><testcase classname="tests.test_security_hardening.IdentityAuthorizationTests" name="test_owner_has_all_permissions" time="0.000" /><testcase classname="tests.test_security_hardening.IdentityAuthorizationTests" name="test_permission_grant_and_revoke" time="0.000" /><testcase classname="tests.test_security_hardening.IdentityAuthorizationTests" name="test_readonly_limited" time="0.000" /><testcase classname="tests.test_security_hardening.IdentityAuthorizationTests" name="test_revoked_permission_denied" time="0.000" /><testcase classname="tests.test_security_hardening.AuditIntegrityTests" name="test_chain_of_three" time="0.000" /><testcase classname="tests.test_security_hardening.AuditIntegrityTests" name="test_chain_starts_empty" time="0.000" /><testcase classname="tests.test_security_hardening.AuditIntegrityTests" name="test_list_entries_filtered" time="0.000" /><testcase classname="tests.test_security_hardening.AuditIntegrityTests" name="test_missing_event_detection" time="0.000" /><testcase classname="tests.test_security_hardening.AuditIntegrityTests" name="test_no_false_tamper_detection" time="0.000" /><testcase classname="tests.test_security_hardening.AuditIntegrityTests" name="test_single_entry_chain" time="0.000" /><testcase classname="tests.test_security_hardening.AuditIntegrityTests" name="test_tamper_detection" time="0.000" /><testcase classname="tests.test_security_hardening.AuditIntegrityTests" name="test_verify_empty_chain" time="0.000" /><testcase classname="tests.test_security_hardening.NetworkPolicyTests" name="test_allowlist_domain" time="0.001" /><testcase classname="tests.test_security_hardening.NetworkPolicyTests" name="test_deny_by_default" time="0.002" /><testcase classname="tests.test_security_hardening.NetworkPolicyTests" name="test_file_scheme_blocked" time="0.000" /><testcase classname="tests.test_security_hardening.NetworkPolicyTests" name="test_get_allowed" time="0.000" /><testcase classname="tests.test_security_hardening.NetworkPolicyTests" name="test_metadata_ip_blocked" time="0.000" /><testcase classname="tests.test_security_hardening.NetworkPolicyTests" name="test_post_blocked_by_default" time="0.000" /><testcase classname="tests.test_security_hardening.NetworkPolicyTests" name="test_private_ip_blocked" time="0.000" /><testcase classname="tests.test_security_hardening.SandboxCapabilityTests" name="test_macos_probe" time="0.000" /><testcase classname="tests.test_security_hardening.SandboxCapabilityTests" name="test_process_constrained_backend" time="0.000" /><testcase classname="tests.test_security_hardening.SandboxCapabilityTests" name="test_sanitize_shell_false" time="0.000" /><testcase classname="tests.test_security_hardening.SandboxCapabilityTests" name="test_test_backend_execute" time="0.005" /><testcase classname="tests.test_security_hardening.SandboxCapabilityTests" name="test_test_backend_timeout" time="0.105" /><testcase classname="tests.test_security_hardening.BrowserE2ETests" name="test_browser_post_rejected" time="0.001" /><testcase classname="tests.test_security_hardening.BrowserE2ETests" name="test_browser_upload_rejected" time="0.000" /><testcase classname="tests.test_security_hardening.BrowserE2ETests" name="test_dns_rebinding_simulation" time="0.000" /><testcase classname="tests.test_security_hardening.BrowserE2ETests" name="test_redirect_revalidation" time="0.000" /><testcase classname="tests.test_security_hardening.BrowserE2ETests" name="test_response_size_limit" time="0.000" /><testcase classname="tests.test_security_hardening.RedTeamTests" name="test_agent_cannot_escalate_to_human" time="0.000" /><testcase classname="tests.test_security_hardening.RedTeamTests" name="test_approval_bypass_insufficient_role" time="0.000" /><testcase classname="tests.test_security_hardening.RedTeamTests" name="test_audit_chain_ordering_preserved" time="0.001" /><testcase classname="tests.test_security_hardening.RedTeamTests" name="test_circuit_breaker_prevents_during_open" time="0.000" /><testcase classname="tests.test_security_hardening.RedTeamTests" name="test_command_arg_injection" time="0.000" /><testcase classname="tests.test_security_hardening.RedTeamTests" name="test_double_revoke_no_effect" time="0.000" /><testcase classname="tests.test_security_hardening.RedTeamTests" name="test_duplicate_invocation_idempotency" time="0.000" /><testcase classname="tests.test_security_hardening.RedTeamTests" name="test_env_var_injection" time="0.000" /><testcase classname="tests.test_security_hardening.RedTeamTests" name="test_manifest_credential_never_stores_value" time="0.000" /><testcase classname="tests.test_security_hardening.RedTeamTests" name="test_max_redirects_respected" time="0.000" /><testcase classname="tests.test_security_hardening.RedTeamTests" name="test_nonexistent_permission_denied" time="0.000" /><testcase classname="tests.test_security_hardening.RedTeamTests" name="test_path_traversal_double_encode" time="0.000" /><testcase classname="tests.test_security_hardening.RedTeamTests" name="test_policy_decision_logging" time="0.000" /><testcase classname="tests.test_security_hardening.RedTeamTests" name="test_secret_not_in_audit_log" time="0.000" /><testcase classname="tests.test_security_hardening.RedTeamTests" name="test_sql_injection_not_auth_bypass" time="0.000" /><testcase classname="tests.test_wire_truth_enums.TestRuntimeRoleWireTruth" name="test_names_equal_runtime" time="0.000" /><testcase classname="tests.test_wire_truth_enums.TestRuntimeRoleWireTruth" name="test_values_equal_runtime" time="0.000" /><testcase classname="tests.test_wire_truth_enums.TestRuntimeRoleWireTruth" name="test_json_serialization_equal_runtime" time="0.000" /><testcase classname="tests.test_wire_truth_enums.TestRuntimeRoleWireTruth" name="test_planstep_round_trip_runtime_role" time="0.000" /><testcase classname="tests.test_wire_truth_enums.TestAllRelatedEnumsRuntime" name="test_mission_state_equal" time="0.000" /><testcase classname="tests.test_wire_truth_enums.TestAllRelatedEnumsRuntime" name="test_risk_level_equal" time="0.000" /><testcase classname="tests.test_wire_truth_enums.TestAllRelatedEnumsRuntime" name="test_persona_equal" time="0.000" /><testcase classname="tests.test_wire_truth_enums.TestAllRelatedEnumsRuntime" name="test_approval_status_equal" time="0.000" /><testcase classname="tests.test_wire_truth_enums.TestAllRelatedEnumsRuntime" name="test_memory_kind_equal" time="0.000" /><testcase classname="tests.test_wire_truth_enums.TestASTStaticDriftGuard" name="test_runtime_role_source_matches_runtime" time="0.002" /><testcase classname="tests.test_wire_truth_enums.TestASTStaticDriftGuard" name="test_mission_state_source_matches_runtime" time="0.001" /><testcase classname="tests.test_wire_truth_enums.TestASTStaticDriftGuard" name="test_risk_level_source_matches_runtime" time="0.001" /><testcase classname="tests.test_wire_truth_enums.TestASTStaticDriftGuard" name="test_persona_source_matches_runtime" time="0.001" /><testcase classname="tests.test_wire_truth_enums.TestASTStaticDriftGuard" name="test_approval_status_source_matches_runtime" time="0.001" /><testcase classname="tests.test_wire_truth_enums.TestASTStaticDriftGuard" name="test_memory_kind_source_matches_runtime" time="0.002" /></testsuite></testsuites>